Loaded model model from file MocoScaledModel_BaselineContact.osim
Couldn't find file 'r_pelvis.vtp'.
Couldn't find file 'l_pelvis.vtp'.
Couldn't find file 'sacrum.vtp'.
Couldn't find file 'r_femur.vtp'.
Couldn't find file 'r_tibia.vtp'.
Couldn't find file 'r_fibula.vtp'.
Couldn't find file 'r_patella.vtp'.
Couldn't find file 'r_talus.vtp'.
Couldn't find file 'r_foot.vtp'.
Couldn't find file 'r_bofoot.vtp'.
Couldn't find file 'l_femur.vtp'.
Couldn't find file 'l_tibia.vtp'.
Couldn't find file 'l_fibula.vtp'.
Couldn't find file 'l_patella.vtp'.
Couldn't find file 'l_talus.vtp'.
Couldn't find file 'l_foot.vtp'.
Couldn't find file 'l_bofoot.vtp'.
Couldn't find file 'hat_spine.vtp'.
Couldn't find file 'hat_jaw.vtp'.
Couldn't find file 'hat_skull.vtp'.
Couldn't find file 'hat_ribs_scap.vtp'.
Storage: read data file =Jog05_rraKinematics.sto (nr=907 nc=26)
Storage: read data file =Jog05_rraKinematics.sto (nr=907 nc=26)
Loaded model model from file MocoScaledModel_BaselineContact.osim
Couldn't find file 'r_pelvis.vtp'.
Couldn't find file 'l_pelvis.vtp'.
Couldn't find file 'sacrum.vtp'.
Couldn't find file 'r_femur.vtp'.
Couldn't find file 'r_tibia.vtp'.
Couldn't find file 'r_fibula.vtp'.
Couldn't find file 'r_patella.vtp'.
Couldn't find file 'r_talus.vtp'.
Couldn't find file 'r_foot.vtp'.
Couldn't find file 'r_bofoot.vtp'.
Couldn't find file 'l_femur.vtp'.
Couldn't find file 'l_tibia.vtp'.
Couldn't find file 'l_fibula.vtp'.
Couldn't find file 'l_patella.vtp'.
Couldn't find file 'l_talus.vtp'.
Couldn't find file 'l_foot.vtp'.
Couldn't find file 'l_bofoot.vtp'.
Couldn't find file 'hat_spine.vtp'.
Couldn't find file 'hat_jaw.vtp'.
Couldn't find file 'hat_skull.vtp'.
Couldn't find file 'hat_ribs_scap.vtp'.
ForceSet 'forceset' has subcomponents with duplicate name 'coordinateactuator'.
The duplicate is being renamed to 'coordinateactuator_0'.
ForceSet 'forceset' has subcomponents with duplicate name 'coordinateactuator'.
The duplicate is being renamed to 'coordinateactuator_1'.
ForceSet 'forceset' has subcomponents with duplicate name 'coordinateactuator'.
The duplicate is being renamed to 'coordinateactuator_2'.
ForceSet 'forceset' has subcomponents with duplicate name 'coordinateactuator'.
The duplicate is being renamed to 'coordinateactuator_3'.
ForceSet 'forceset' has subcomponents with duplicate name 'coordinateactuator'.
The duplicate is being renamed to 'coordinateactuator_4'.
Storage: read data file =coordinates.sto (nr=189 nc=26)
Adding reserve actuators with an optimal force of 500...
Added 13 reserve actuator(s), for each of the following coordinates:
  /jointset/hip_r/hip_flexion_r
  /jointset/hip_r/hip_adduction_r
  /jointset/hip_r/hip_rotation_r
  /jointset/walker_knee_r/knee_angle_r
  /jointset/ankle_r/ankle_angle_r
  /jointset/hip_l/hip_flexion_l
  /jointset/hip_l/hip_adduction_l
  /jointset/hip_l/hip_rotation_l
  /jointset/walker_knee_l/knee_angle_l
  /jointset/ankle_l/ankle_angle_l
  /jointset/back/lumbar_extension
  /jointset/back/lumbar_bending
  /jointset/back/lumbar_rotation
Adding reserve actuators with an optimal force of 500...
Added 13 reserve actuator(s), for each of the following coordinates:
  /jointset/hip_r/hip_flexion_r
  /jointset/hip_r/hip_adduction_r
  /jointset/hip_r/hip_rotation_r
  /jointset/walker_knee_r/knee_angle_r
  /jointset/ankle_r/ankle_angle_r
  /jointset/hip_l/hip_flexion_l
  /jointset/hip_l/hip_adduction_l
  /jointset/hip_l/hip_rotation_l
  /jointset/walker_knee_l/knee_angle_l
  /jointset/ankle_l/ankle_angle_l
  /jointset/back/lumbar_extension
  /jointset/back/lumbar_bending
  /jointset/back/lumbar_rotation
===============================================================================
MocoCasADiSolver starting. 14/02/2020 2:00:38 PM
-------------------------------------------------------------------------------
Costs: (total: 3)
  state_tracking. MocoStateTrackingGoal, enabled: 1, mode: cost, weight: 1
        state: /jointset/ground_pelvis/pelvis_tilt/value, weight: 10
        state: /jointset/ground_pelvis/pelvis_list/value, weight: 10
        state: /jointset/ground_pelvis/pelvis_rotation/value, weight: 10
        state: /jointset/ground_pelvis/pelvis_tx/value, weight: 10
        state: /jointset/ground_pelvis/pelvis_ty/value, weight: 10
        state: /jointset/ground_pelvis/pelvis_tz/value, weight: 10
        state: /jointset/hip_r/hip_flexion_r/value, weight: 10
        state: /jointset/hip_r/hip_adduction_r/value, weight: 10
        state: /jointset/hip_r/hip_rotation_r/value, weight: 10
        state: /jointset/walker_knee_r/knee_angle_r/value, weight: 10
        state: /jointset/patellofemoral_r/knee_angle_r_beta/value, weight: 10
        state: /jointset/ankle_r/ankle_angle_r/value, weight: 10
        state: /jointset/hip_l/hip_flexion_l/value, weight: 10
        state: /jointset/hip_l/hip_adduction_l/value, weight: 10
        state: /jointset/hip_l/hip_rotation_l/value, weight: 10
        state: /jointset/walker_knee_l/knee_angle_l/value, weight: 10
        state: /jointset/patellofemoral_l/knee_angle_l_beta/value, weight: 10
        state: /jointset/ankle_l/ankle_angle_l/value, weight: 10
        state: /jointset/back/lumbar_extension/value, weight: 10
        state: /jointset/back/lumbar_bending/value, weight: 10
        state: /jointset/back/lumbar_rotation/value, weight: 10
        state: /jointset/ground_pelvis/pelvis_tilt/speed, weight: 10
        state: /jointset/ground_pelvis/pelvis_list/speed, weight: 10
        state: /jointset/ground_pelvis/pelvis_rotation/speed, weight: 10
        state: /jointset/ground_pelvis/pelvis_tx/speed, weight: 10
        state: /jointset/ground_pelvis/pelvis_ty/speed, weight: 10
        state: /jointset/ground_pelvis/pelvis_tz/speed, weight: 10
        state: /jointset/hip_r/hip_flexion_r/speed, weight: 10
        state: /jointset/hip_r/hip_adduction_r/speed, weight: 10
        state: /jointset/hip_r/hip_rotation_r/speed, weight: 10
        state: /jointset/walker_knee_r/knee_angle_r/speed, weight: 10
        state: /jointset/patellofemoral_r/knee_angle_r_beta/speed, weight: 10
        state: /jointset/ankle_r/ankle_angle_r/speed, weight: 10
        state: /jointset/hip_l/hip_flexion_l/speed, weight: 10
        state: /jointset/hip_l/hip_adduction_l/speed, weight: 10
        state: /jointset/hip_l/hip_rotation_l/speed, weight: 10
        state: /jointset/walker_knee_l/knee_angle_l/speed, weight: 10
        state: /jointset/patellofemoral_l/knee_angle_l_beta/speed, weight: 10
        state: /jointset/ankle_l/ankle_angle_l/speed, weight: 10
        state: /jointset/back/lumbar_extension/speed, weight: 10
        state: /jointset/back/lumbar_bending/speed, weight: 10
        state: /jointset/back/lumbar_rotation/speed, weight: 10
  control_effort. MocoControlGoal, enabled: 1, mode: cost, weight: 0.001
        control: /forceset/coordinateactuator, weight: 10
        control: /forceset/coordinateactuator_0, weight: 10
        control: /forceset/coordinateactuator_1, weight: 10
        control: /forceset/coordinateactuator_2, weight: 10
        control: /forceset/coordinateactuator_3, weight: 10
        control: /forceset/coordinateactuator_4, weight: 10
        control: /forceset/reserve_jointset_hip_r_hip_flexion_r, weight: 1
        control: /forceset/reserve_jointset_hip_r_hip_adduction_r, weight: 1
        control: /forceset/reserve_jointset_hip_r_hip_rotation_r, weight: 1
        control: /forceset/reserve_jointset_walker_knee_r_knee_angle_r, weight: 1
        control: /forceset/reserve_jointset_ankle_r_ankle_angle_r, weight: 1
        control: /forceset/reserve_jointset_hip_l_hip_flexion_l, weight: 1
        control: /forceset/reserve_jointset_hip_l_hip_adduction_l, weight: 1
        control: /forceset/reserve_jointset_hip_l_hip_rotation_l, weight: 1
        control: /forceset/reserve_jointset_walker_knee_l_knee_angle_l, weight: 1
        control: /forceset/reserve_jointset_ankle_l_ankle_angle_l, weight: 1
        control: /forceset/reserve_jointset_back_lumbar_extension, weight: 1
        control: /forceset/reserve_jointset_back_lumbar_bending, weight: 1
        control: /forceset/reserve_jointset_back_lumbar_rotation, weight: 1
  contact. MocoContactTrackingGoal, enabled: 1, mode: cost, weight: 1
        projection type: plane
        projection vector: ~[0,0,1]
        group 0: ExternalForce: calcn_r
            forces: 
                /contactSphereHeel_r
                /contactSphereTarsals_r
                /contactSphereMetOneProx_r
                /contactSphereMetOneDist_r
                /contactSphereMetFiveProx_r
                /contactSphereMetFiveDist_r
Endpoint constraints: none
Kinematic constraints: (total: 2)
  kinematic_constraint_cid21. MocoConstraintInfo. number of scalar equations: 3. bounds: 0, 0, 0
  kinematic_constraint_cid22. MocoConstraintInfo. number of scalar equations: 3. bounds: 0, 0, 0
Path constraints: none
States: (total: 42)
  /jointset/ground_pelvis/pelvis_tilt/value. bounds: [-1.5708, 1.5708]
  /jointset/ground_pelvis/pelvis_tilt/speed. bounds: [-50, 50]
  /jointset/ground_pelvis/pelvis_tx/value. bounds: [-5, 5]
  /jointset/back/lumbar_rotation/value. bounds: [-1.5708, 1.5708]
  /jointset/walker_knee_r/knee_angle_r/speed. bounds: [-50, 50]
  /jointset/ground_pelvis/pelvis_rotation/speed. bounds: [-50, 50]
  /jointset/ground_pelvis/pelvis_list/value. bounds: [-1.5708, 1.5708]
  /jointset/ground_pelvis/pelvis_tx/speed. bounds: [-50, 50]
  /jointset/ground_pelvis/pelvis_list/speed. bounds: [-50, 50]
  /jointset/walker_knee_r/knee_angle_r/value. bounds: [0, 2.0944]
  /jointset/ground_pelvis/pelvis_rotation/value. bounds: [-1.5708, 1.5708]
  /jointset/ankle_l/ankle_angle_l/value. bounds: [-0.4, 0.4]
  /jointset/ground_pelvis/pelvis_ty/value. bounds: [-1, 2]
  /jointset/ankle_l/ankle_angle_l/speed. bounds: [-50, 50]
  /jointset/ground_pelvis/pelvis_ty/speed. bounds: [-50, 50]
  /jointset/hip_l/hip_rotation_l/value. bounds: [-0.698132, 0.698132]
  /jointset/ground_pelvis/pelvis_tz/value. bounds: [-3, 3]
  /jointset/hip_l/hip_rotation_l/speed. bounds: [-50, 50]
  /jointset/ground_pelvis/pelvis_tz/speed. bounds: [-50, 50]
  /jointset/ankle_r/ankle_angle_r/value. bounds: [-0.4, 0.4]
  /jointset/hip_r/hip_adduction_r/speed. bounds: [-50, 50]
  /jointset/hip_r/hip_flexion_r/value. bounds: [-0.523599, 2.0944]
  /jointset/ankle_r/ankle_angle_r/speed. bounds: [-50, 50]
  /jointset/hip_r/hip_flexion_r/speed. bounds: [-50, 50]
  /jointset/hip_r/hip_adduction_r/value. bounds: [-0.872665, 0.523599]
  /jointset/back/lumbar_rotation/speed. bounds: [-50, 50]
  /jointset/hip_r/hip_rotation_r/value. bounds: [-0.698132, 0.698132]
  /jointset/hip_r/hip_rotation_r/speed. bounds: [-50, 50]
  /jointset/patellofemoral_r/knee_angle_r_beta/value. bounds: [-99999.9, 99999.9]
  /jointset/patellofemoral_r/knee_angle_r_beta/speed. bounds: [-50, 50]
  /jointset/back/lumbar_extension/speed. bounds: [-50, 50]
  /jointset/hip_l/hip_flexion_l/value. bounds: [-0.523599, 2.0944]
  /jointset/back/lumbar_bending/value. bounds: [-1.5708, 1.5708]
  /jointset/hip_l/hip_flexion_l/speed. bounds: [-50, 50]
  /jointset/hip_l/hip_adduction_l/value. bounds: [-0.872665, 0.523599]
  /jointset/hip_l/hip_adduction_l/speed. bounds: [-50, 50]
  /jointset/patellofemoral_l/knee_angle_l_beta/value. bounds: [-99999.9, 99999.9]
  /jointset/walker_knee_l/knee_angle_l/value. bounds: [0, 2.0944]
  /jointset/patellofemoral_l/knee_angle_l_beta/speed. bounds: [-50, 50]
  /jointset/walker_knee_l/knee_angle_l/speed. bounds: [-50, 50]
  /jointset/back/lumbar_extension/value. bounds: [-1.5708, 1.5708]
  /jointset/back/lumbar_bending/speed. bounds: [-50, 50]
Controls: (total: 19):
  /forceset/reserve_jointset_hip_r_hip_flexion_r. bounds: [-inf, inf]
  /forceset/coordinateactuator. bounds: [-1, 1]
  /forceset/coordinateactuator_1. bounds: [-1, 1]
  /forceset/reserve_jointset_hip_r_hip_rotation_r. bounds: [-inf, inf]
  /forceset/coordinateactuator_0. bounds: [-1, 1]
  /forceset/coordinateactuator_2. bounds: [-1, 1]
  /forceset/coordinateactuator_3. bounds: [-1, 1]
  /forceset/coordinateactuator_4. bounds: [-1, 1]
  /forceset/reserve_jointset_hip_r_hip_adduction_r. bounds: [-inf, inf]
  /forceset/reserve_jointset_walker_knee_r_knee_angle_r. bounds: [-inf, inf]
  /forceset/reserve_jointset_ankle_r_ankle_angle_r. bounds: [-inf, inf]
  /forceset/reserve_jointset_hip_l_hip_flexion_l. bounds: [-inf, inf]
  /forceset/reserve_jointset_hip_l_hip_adduction_l. bounds: [-inf, inf]
  /forceset/reserve_jointset_walker_knee_l_knee_angle_l. bounds: [-inf, inf]
  /forceset/reserve_jointset_hip_l_hip_rotation_l. bounds: [-inf, inf]
  /forceset/reserve_jointset_ankle_l_ankle_angle_l. bounds: [-inf, inf]
  /forceset/reserve_jointset_back_lumbar_extension. bounds: [-inf, inf]
  /forceset/reserve_jointset_back_lumbar_bending. bounds: [-inf, inf]
  /forceset/reserve_jointset_back_lumbar_rotation. bounds: [-inf, inf]
Parameters: none
Number of threads: 8

List of user-set options:

                                    Name   Value                used
                acceptable_compl_inf_tol = 0.01                  yes
              acceptable_constr_viol_tol = 0.01                  yes
                 acceptable_dual_inf_tol = 0.01                  yes
                          acceptable_tol = 0.01                  yes
                           compl_inf_tol = 0.01                  yes
                         constr_viol_tol = 0.01                  yes
                            dual_inf_tol = 0.01                  yes
                   hessian_approximation = limited-memory        yes
                      print_user_options = yes                   yes
                                     tol = 0.01                  yes

******************************************************************************
This program contains Ipopt, a library for large-scale nonlinear optimization.
 Ipopt is released as open source code under the Eclipse Public License (EPL).
         For more information visit http://projects.coin-or.org/Ipopt
******************************************************************************

This is Ipopt version 3.12.8, running with linear solver mumps.
NOTE: Other linear solvers might be more efficient (see Ipopt documentation).

Number of nonzeros in equality constraint Jacobian...:   319554
Number of nonzeros in inequality constraint Jacobian.:        0
Number of nonzeros in Lagrangian Hessian.............:        0

Total number of variables............................:     5055
                     variables with only lower bounds:        0
                variables with lower and upper bounds:     4028
                     variables with only upper bounds:        0
Total number of equality constraints.................:     4257
Total number of inequality constraints...............:        0
        inequality constraints with only lower bounds:        0
   inequality constraints with lower and upper bounds:        0
        inequality constraints with only upper bounds:        0

iter    objective    inf_pr   inf_du lg(mu)  ||d||  lg(rg) alpha_du alpha_pr  ls
   0  1.2394831e+08 1.07e+05 1.15e+00   0.0 0.00e+00    -  0.00e+00 0.00e+00   0
   1  2.9616504e+07 4.38e+04 8.02e+01   1.5 1.66e+00    -  9.90e-01 2.44e-01h  1
   2  2.1076208e+03 6.02e+04 6.07e+02   1.8 1.63e+01    -  5.04e-01 7.47e-01f  1
   3  1.9419860e+03 1.53e+04 2.29e+02   1.1 1.34e+01    -  1.00e+00 1.00e+00f  1
   4  1.7053540e+03 2.62e+03 1.75e+01   0.3 3.15e+00    -  8.87e-01 1.00e+00f  1
   5  1.4426012e+03 2.28e+04 1.08e+05  -5.5 1.25e+01    -  4.74e-01 7.41e-01f  1
   6  7.6780969e+02 3.22e+04 1.30e+03   0.9 4.58e+01    -  1.00e+00 1.95e-01f  1
   7  9.6125774e+02 3.66e+05 8.46e+03   0.9 8.72e+00    -  4.84e-01 1.00e+00f  1
   8  4.2475790e+03 1.89e+05 3.56e+05   0.8 2.19e+01    -  4.53e-01 5.00e-01h  2
   9  1.6109382e+03 4.11e+04 6.48e+03   0.8 7.12e+00    -  1.00e+00 1.00e+00f  1
iter    objective    inf_pr   inf_du lg(mu)  ||d||  lg(rg) alpha_du alpha_pr  ls
  10  1.0958753e+03 9.01e+03 5.34e+04   0.8 7.35e+00    -  1.00e+00 1.00e+00f  1
  11  7.9251879e+02 4.21e+03 9.11e+03   0.8 8.65e+00    -  1.00e+00 1.00e+00f  1
  12  7.2789533e+02 6.60e+03 1.84e+03   0.3 1.02e+01    -  1.00e+00 2.50e-01f  3
  13  8.0130288e+02 2.46e+03 7.49e+02   0.6 4.59e+00    -  1.00e+00 1.00e+00f  1
  14  7.4960217e+02 3.17e+04 6.92e+03  -0.2 7.72e+00    -  1.00e+00 5.00e-01f  2
  15  7.2635164e+02 1.10e+04 1.80e+03  -0.2 5.70e+00    -  1.00e+00 1.00e+00h  1
  16  7.5711115e+02 8.35e+03 2.04e+04   0.2 1.21e+01    -  1.00e+00 2.50e-01f  3
  17  7.0120833e+02 4.55e+03 1.24e+03   0.2 9.61e+00    -  1.00e+00 5.00e-01f  2
  18  6.3058136e+02 2.38e+03 2.61e+03  -0.1 6.93e+00    -  9.98e-01 5.00e-01f  2
  19  6.0596200e+02 2.00e+03 9.85e+02  -0.5 7.00e+00    -  1.00e+00 5.00e-01f  2
iter    objective    inf_pr   inf_du lg(mu)  ||d||  lg(rg) alpha_du alpha_pr  ls
  20  5.7463675e+02 1.79e+03 3.22e+02  -0.6 5.74e+00    -  1.00e+00 1.00e+00f  1
  21  5.3491544e+02 8.77e+02 9.93e+01  -1.1 4.79e+00    -  1.00e+00 9.75e-01f  1
  22  5.3158360e+02 4.31e+02 6.34e+01  -1.4 2.18e+00    -  8.30e-01 1.00e+00f  1
  23  5.2761451e+02 2.15e+02 3.99e+01  -2.0 1.45e+00    -  1.00e+00 5.55e-01f  1
  24  5.2557501e+02 1.25e+02 1.45e+01  -2.6 6.38e-01    -  7.67e-01 7.13e-01f  1
  25  5.2523286e+02 1.01e+02 1.00e+01  -2.5 1.05e+00    -  1.00e+00 3.47e-01f  2
  26  5.2483290e+02 7.95e+01 7.91e+00  -2.8 4.35e-01    -  1.00e+00 2.50e-01h  3
  27  5.2475123e+02 3.25e+03 1.15e+02  -3.4 4.56e-01    -  1.00e+00 8.71e-01h  1
  28  5.2445948e+02 9.89e+02 6.79e+00  -2.7 1.34e+00    -  1.00e+00 4.74e-01h  2
  29  5.2363049e+02 1.27e+02 3.86e+00  -2.9 6.28e-01    -  1.00e+00 1.00e+00h  1
iter    objective    inf_pr   inf_du lg(mu)  ||d||  lg(rg) alpha_du alpha_pr  ls
  30  5.2355635e+02 1.84e+01 5.52e-01  -3.4 3.15e-01    -  1.00e+00 9.62e-01h  1
  31  5.2352204e+02 1.12e+02 1.26e+00  -4.6 1.18e-01    -  1.00e+00 1.00e+00h  1
  32  5.2351744e+02 2.41e+01 2.28e-01  -5.6 6.05e-02    -  1.00e+00 1.00e+00h  1
  33  5.2351735e+02 2.07e+00 1.66e-01  -6.2 2.82e-02    -  1.00e+00 9.98e-01h  1
  34  5.2351765e+02 3.36e-01 1.80e-01  -7.1 8.14e-02    -  1.00e+00 1.00e+00H  1
  35  5.2351382e+02 3.08e+00 5.70e-01  -8.1 9.17e-02    -  1.00e+00 2.50e-01h  3
  36  5.2351174e+02 6.83e+00 1.33e+00  -8.2 6.54e-01    -  1.00e+00 1.56e-02h  7
  37  5.2348957e+02 4.42e+02 1.51e+00  -8.2 9.60e-01    -  5.18e-02 3.25e-02F  1
  38  5.2390176e+02 2.68e+02 4.87e+01  -6.2 1.11e+00    -  1.27e-01 1.00e+00h  1
  39  5.2387970e+02 2.59e+02 5.01e+01  -7.2 3.54e-01    -  1.00e+00 3.09e-02h  1
iter    objective    inf_pr   inf_du lg(mu)  ||d||  lg(rg) alpha_du alpha_pr  ls
  40  5.2530314e+02 2.09e+02 4.11e+02  -7.2 3.98e-01    -  1.00e+00 1.00e+00h  1
  41  5.2368781e+02 7.58e+01 5.51e+02  -7.2 2.30e-01    -  2.29e-01 1.00e+00f  1
  42  5.2368736e+02 7.56e+01 5.51e+02  -7.2 2.39e-01    -  1.00e+00 1.78e-03h  1
  43  5.2360824e+02 2.29e+01 3.58e+01  -7.2 2.39e-01    -  1.00e+00 1.00e+00f  1
  44  5.2354665e+02 7.10e+00 2.85e+00  -7.2 1.33e-01    -  1.00e+00 1.00e+00h  1
  45  5.2351956e+02 2.96e+01 1.93e+00  -7.2 1.17e-01    -  1.00e+00 1.00e+00h  1
  46  5.2350762e+02 8.23e+00 2.48e+00  -7.2 9.62e-02    -  1.00e+00 1.00e+00h  1
  47  5.2349614e+02 2.88e+00 2.78e+00  -8.1 1.07e-01    -  1.00e+00 1.00e+00h  1
  48  5.2348663e+02 2.52e+00 2.78e+00  -8.8 7.76e-02    -  1.00e+00 1.00e+00h  1
  49  5.2349123e+02 6.67e-01 2.49e+00 -10.4 4.27e-02    -  1.00e+00 1.00e+00h  1
iter    objective    inf_pr   inf_du lg(mu)  ||d||  lg(rg) alpha_du alpha_pr  ls
  50  5.2349062e+02 6.67e-01 4.60e-01 -11.0 2.84e-02    -  1.00e+00 1.00e+00h  1
  51  5.2348977e+02 9.36e-02 1.60e-01 -11.0 1.44e-02    -  1.00e+00 1.00e+00h  1
  52  5.2348946e+02 5.22e-02 2.29e-01 -11.0 1.65e-02    -  1.00e+00 1.00e+00h  1
  53  5.2348803e+02 6.32e-01 7.70e-01 -11.0 7.69e-02    -  1.00e+00 1.00e+00h  1
  54  5.2348442e+02 3.81e+00 7.47e-01 -11.0 1.25e-01    -  1.00e+00 1.00e+00h  1
  55  5.2351917e+02 1.00e+00 6.30e-01 -11.0 3.59e-01    -  1.00e+00 1.00e+00H  1
  56  5.2347264e+02 3.53e+01 8.35e-01 -11.0 2.41e-01    -  1.00e+00 1.00e+00h  1
  57  5.2346556e+02 4.10e+00 1.36e+00 -11.0 2.01e-01    -  1.00e+00 1.00e+00h  1
  58  5.2346432e+02 3.91e+00 6.79e-01  -9.0 1.23e+00    -  1.00e+00 3.44e-02h  5
  59  5.2346232e+02 2.71e+00 4.54e+01  -7.0 1.67e-01    -  1.00e+00 3.03e-01h  1
iter    objective    inf_pr   inf_du lg(mu)  ||d||  lg(rg) alpha_du alpha_pr  ls
  60  5.2346224e+02 2.71e+00 3.08e+02  -6.3 9.82e+00    -  1.00e+00 2.26e-04h  1
  61  5.2345924e+02 3.39e+00 3.63e+00  -4.3 2.24e+00    -  2.65e-01 8.07e-02h  2
  62  5.2345624e+02 2.59e+00 1.46e+00  -4.8 2.99e-01    -  6.21e-01 2.43e-01h  1
  63  5.2345084e+02 2.17e+00 5.73e+00  -4.8 1.06e+00    -  3.29e-01 1.53e-01h  1
  64  5.2346559e+02 1.18e+00 1.37e+03  -4.3 1.36e-01    -  5.58e-01 1.00e+00H  1
  65  5.2345439e+02 1.44e+00 7.30e+02  -4.9 1.12e-01    -  1.00e+00 7.67e-01h  1
  66  5.2351714e+02 4.46e-01 1.30e+02  -5.0 2.21e-01    -  7.71e-01 1.00e+00H  1
  67  5.2346932e+02 1.07e+00 5.71e+00  -5.1 1.64e-01    -  1.00e+00 4.01e-01h  1
  68  5.2344395e+02 7.06e+00 3.82e+00  -5.1 2.54e-01    -  4.24e-01 4.79e-01f  1
  69  5.2344866e+02 2.37e+00 1.12e+00  -5.7 4.14e-02    -  1.00e+00 6.71e-01h  1
iter    objective    inf_pr   inf_du lg(mu)  ||d||  lg(rg) alpha_du alpha_pr  ls
  70  5.2344911e+02 1.70e+00 1.00e+00  -7.8 2.07e-02    -  9.70e-01 2.90e-01h  1
  71  5.2344850e+02 1.27e+00 9.41e-01  -6.5 5.63e-02    -  1.00e+00 3.34e-01h  1
  72  5.2344744e+02 1.28e+00 8.48e-01  -6.5 3.01e-01    -  1.00e+00 7.28e-02h  1
  73  5.2344611e+02 1.32e+00 6.44e-01  -6.8 2.67e-01    -  7.87e-01 1.35e-01h  1
  74  5.2344527e+02 1.20e+00 6.40e-01  -6.8 3.53e-01    -  1.00e+00 1.04e-01h  1
  75  5.2344373e+02 1.67e+00 6.61e-01 -11.0 3.38e-01    -  2.94e-01 1.62e-01h  1
  76  5.2344384e+02 1.67e+00 1.24e+00  -6.6 3.38e-01    -  4.12e-01 6.11e-02h  2
  77  5.2344388e+02 1.12e+00 7.66e-01  -6.8 5.01e-02    -  6.19e-01 3.37e-01h  1
  78  5.2344311e+02 9.59e-01 2.35e-01 -11.0 3.43e-01    -  6.61e-01 9.74e-02h  1
  79  5.2344252e+02 9.01e-01 3.79e-01  -7.6 1.76e-01    -  1.00e+00 1.48e-01h  1
iter    objective    inf_pr   inf_du lg(mu)  ||d||  lg(rg) alpha_du alpha_pr  ls
  80  5.2344218e+02 6.86e-01 1.73e-01  -7.2 1.45e-01    -  7.53e-01 2.36e-01h  1
  81  5.2344153e+02 6.66e-01 2.25e-01  -6.6 7.47e-01    -  5.75e-01 6.17e-02h  1
  82  5.2344111e+02 6.13e-01 3.41e-01  -6.8 3.31e-01    -  3.36e-01 1.35e-01h  1
  83  5.2344086e+02 5.56e-01 1.99e-01  -6.4 6.06e-01    -  5.03e-01 5.71e-02h  1
  84  5.2344035e+02 5.11e-01 1.53e-01  -6.3 4.52e-01    -  2.92e-01 9.05e-02h  1
  85  5.2343974e+02 2.08e+00 6.87e-01  -6.5 1.67e+00    -  5.17e-01 4.70e-02h  1
  86  5.2343939e+02 2.58e+00 3.71e-01  -7.1 2.34e-01    -  5.85e-01 1.55e-01h  1
  87  5.2343861e+02 3.03e+00 4.83e-01  -6.7 2.82e-01    -  5.57e-01 2.11e-01h  1
  88  5.2343852e+02 2.58e+00 1.44e-01 -11.0 2.14e-01    -  3.07e-01 1.31e-01h  1
  89  5.2343844e+02 2.22e+00 1.98e-01  -6.8 6.31e-02    -  7.28e-01 3.35e-01h  1
iter    objective    inf_pr   inf_du lg(mu)  ||d||  lg(rg) alpha_du alpha_pr  ls
  90  5.2343857e+02 1.67e+00 1.85e-01 -11.0 7.12e-02    -  7.94e-01 2.32e-01h  1
  91  5.2343852e+02 1.08e+00 3.12e-02  -6.9 3.16e-02    -  8.14e-01 3.55e-01h  1
  92  5.2343849e+02 1.01e+00 2.60e-02  -7.4 2.87e-02    -  9.90e-01 6.77e-02h  1
  93  5.2343842e+02 7.76e-01 6.31e-02  -7.1 5.80e-02    -  9.85e-01 2.44e-01h  1
  94  5.2343830e+02 7.43e-01 2.87e-02  -7.3 2.66e-01    -  5.63e-01 9.62e-02h  1
  95  5.2343823e+02 6.88e-01 1.67e-01  -7.2 2.00e-01    -  5.05e-01 1.05e-01h  1
  96  5.2343817e+02 6.07e-01 6.38e-02  -7.2 1.88e-01    -  5.34e-01 1.35e-01h  1
  97  5.2343811e+02 5.82e-01 5.46e-02  -7.2 2.88e-01    -  4.24e-01 6.06e-02h  1
  98  5.2343801e+02 5.34e-01 5.81e-02  -6.6 3.87e-01    -  3.22e-01 9.21e-02h  1
  99  5.2343791e+02 4.90e-01 3.95e-02  -7.0 4.84e-01    -  6.28e-01 6.13e-02h  1
iter    objective    inf_pr   inf_du lg(mu)  ||d||  lg(rg) alpha_du alpha_pr  ls
 100  5.2343779e+02 5.20e-01 3.54e-02  -7.4 3.01e-01    -  5.81e-01 1.45e-01h  1
 101  5.2343770e+02 6.94e-01 2.23e-02  -7.2 3.30e-01    -  5.20e-01 1.44e-01h  1
 102  5.2343767e+02 7.62e-01 8.14e-02  -6.6 2.77e-01    -  4.80e-01 1.23e-01h  1
 103  5.2343760e+02 6.82e-01 3.19e-02  -6.9 1.99e-01    -  6.87e-01 1.20e-01h  1
 104  5.2343749e+02 7.74e-01 2.81e-01  -7.3 4.24e-01    -  5.87e-01 1.20e-01h  1
 105  5.2343743e+02 6.93e-01 7.58e-02  -7.1 2.62e-01    -  1.19e-01 7.55e-02h  2
 106  5.2343745e+02 3.16e-01 6.79e-02  -7.1 4.13e-02    -  1.00e+00 5.03e-01h  1
 107  5.2343744e+02 5.26e-02 1.05e-01  -6.7 1.32e-02    -  1.00e+00 8.21e-01h  1
 108  5.2343738e+02 3.40e-01 2.81e-02  -7.1 1.74e-02    -  1.00e+00 9.75e-01h  1
 109  5.2343739e+02 2.40e-02 1.40e-02  -6.8 5.00e-03    -  1.00e+00 1.00e+00h  1
iter    objective    inf_pr   inf_du lg(mu)  ||d||  lg(rg) alpha_du alpha_pr  ls
 110  5.2343737e+02 5.36e-03 4.16e+01  -7.8 6.08e-03    -  1.00e+00 8.50e-01h  1
 111  5.2343737e+02 5.19e-03 4.29e+01  -9.6 6.78e-03    -  1.00e+00 3.08e-02h  1
 112  5.2343735e+02 4.09e-03 1.32e+00  -8.9 2.31e-02    -  8.97e-01 3.52e-01h  1
 113  5.2343735e+02 4.09e-03 1.33e+01  -8.2 1.50e+00    -  7.42e-01 4.02e-04f  1
 114  5.2343730e+02 5.66e-02 3.29e+01  -8.4 8.32e-01    -  1.42e-01 5.91e-02h  1
 115  5.2343726e+02 6.21e-02 1.10e+00  -8.6 1.84e+00    -  9.85e-02 1.64e-02h  1
 116  5.2343723e+02 6.37e-02 1.40e+00  -6.6 2.75e+00    -  6.08e-03 8.56e-03h  1
 117  5.2343721e+02 6.15e-02 1.42e+00  -7.9 1.69e+00    -  1.32e-01 9.00e-03h  1
 118  5.2343721e+02 6.13e-02 8.04e-01  -7.9 5.20e-01    -  4.55e-01 3.26e-03h  1
 119  5.2343720e+02 5.78e-02 7.42e-01  -8.1 3.41e-01    -  7.71e-02 7.43e-02h  2
iter    objective    inf_pr   inf_du lg(mu)  ||d||  lg(rg) alpha_du alpha_pr  ls
 120  5.2343719e+02 6.04e-02 3.26e-01 -11.0 2.46e-01    -  6.01e-01 7.23e-02h  2
 121  5.2343719e+02 6.01e-02 1.47e-01  -8.4 2.35e-01    -  6.49e-01 3.49e-03h  1
 122  5.2343719e+02 2.92e-01 6.52e-02  -8.4 1.88e-01    -  8.02e-01 4.63e-01h  1
 123  5.2343716e+02 2.99e-01 7.41e-02  -8.6 8.26e-01    -  1.00e+00 3.29e-02h  1
 124  5.2343715e+02 3.13e-01 4.42e-02  -8.2 2.17e-01    -  3.23e-01 9.41e-02h  2
 125  5.2343713e+02 5.44e-01 8.90e-02  -9.9 4.16e-02    -  4.85e-01 6.68e-01h  1
 126  5.2343709e+02 4.59e-01 1.33e-01  -8.4 1.80e-02    -  5.23e-01 1.53e-01h  1
 127  5.2343709e+02 3.41e-01 8.18e-02  -7.9 1.95e-02    -  3.16e-01 2.58e-01h  1
 128  5.2343707e+02 2.17e-01 2.84e-02  -9.3 5.97e-03    -  6.15e-02 3.69e-01h  1
 129  5.2343707e+02 1.62e-01 2.58e-02  -8.3 3.05e-03    -  1.00e+00 2.54e-01h  1
iter    objective    inf_pr   inf_du lg(mu)  ||d||  lg(rg) alpha_du alpha_pr  ls
 130  5.2343707e+02 1.88e-03 1.28e-02  -9.0 3.02e-03    -  1.00e+00 1.00e+00h  1
 131  5.2343707e+02 3.26e-04 3.46e-03  -9.0 2.43e-03    -  1.00e+00 7.59e-01h  1

Number of Iterations....: 131

                                   (scaled)                 (unscaled)
Objective...............:   5.2343707016275471e+02    5.2343707016275471e+02
Dual infeasibility......:   3.4566523901671318e-03    3.4566523901671318e-03
Constraint violation....:   1.4140169201993786e-07    3.2597769381936814e-04
Complementarity.........:   2.2181389489966709e-09    2.2181389489966709e-09
Overall NLP error.......:   3.4566523901671318e-03    3.4566523901671318e-03


Number of objective function evaluations             = 204
Number of objective gradient evaluations             = 132
Number of equality constraint evaluations            = 204
Number of inequality constraint evaluations          = 0
Number of equality constraint Jacobian evaluations   = 132
Number of inequality constraint Jacobian evaluations = 0
Number of Lagrangian Hessian evaluations             = 0
Total CPU secs in IPOPT (w/o function evaluations)   =     50.241
Total CPU secs in NLP function evaluations           =    404.369

EXIT: Optimal Solution Found.
               t_proc [s]   t_wall [s]    n_eval
callback_fun        0.289         0.29       132
         nlp          455          455         1
       nlp_f         15.7         15.7       204
       nlp_g         15.5         15.5       204
  nlp_grad_f          160          160       133
   nlp_jac_g          215          215       133

Breakdown of objective (including weights):
  state_tracking: 12.5793
  control_effort: 0.0125453
  contact: 510.845
-------------------------------------------------------------------------------
Elapsed real time: 458 second(s) (7 minute(s), 38 second(s)).
14/02/2020 2:08:16 PM
MocoCasADiSolver succeeded!
===============================================================================
Storage: read data file =Jog05_rraKinematics.sto (nr=907 nc=26)
Storage: read data file =Jog05_rraKinematics.sto (nr=907 nc=26)
Loaded model model from file MocoScaledModel_BaselineContact.osim
Couldn't find file 'r_pelvis.vtp'.
Couldn't find file 'l_pelvis.vtp'.
Couldn't find file 'sacrum.vtp'.
Couldn't find file 'r_femur.vtp'.
Couldn't find file 'r_tibia.vtp'.
Couldn't find file 'r_fibula.vtp'.
Couldn't find file 'r_patella.vtp'.
Couldn't find file 'r_talus.vtp'.
Couldn't find file 'r_foot.vtp'.
Couldn't find file 'r_bofoot.vtp'.
Couldn't find file 'l_femur.vtp'.
Couldn't find file 'l_tibia.vtp'.
Couldn't find file 'l_fibula.vtp'.
Couldn't find file 'l_patella.vtp'.
Couldn't find file 'l_talus.vtp'.
Couldn't find file 'l_foot.vtp'.
Couldn't find file 'l_bofoot.vtp'.
Couldn't find file 'hat_spine.vtp'.
Couldn't find file 'hat_jaw.vtp'.
Couldn't find file 'hat_skull.vtp'.
Couldn't find file 'hat_ribs_scap.vtp'.
Storage: read data file =coordinates.sto (nr=189 nc=26)
Storage: read data file =coordinates.sto (nr=189 nc=26)
Adding reserve actuators with an optimal force of 500...
Added 13 reserve actuator(s), for each of the following coordinates:
  /jointset/hip_r/hip_flexion_r
  /jointset/hip_r/hip_adduction_r
  /jointset/hip_r/hip_rotation_r
  /jointset/walker_knee_r/knee_angle_r
  /jointset/ankle_r/ankle_angle_r
  /jointset/hip_l/hip_flexion_l
  /jointset/hip_l/hip_adduction_l
  /jointset/hip_l/hip_rotation_l
  /jointset/walker_knee_l/knee_angle_l
  /jointset/ankle_l/ankle_angle_l
  /jointset/back/lumbar_extension
  /jointset/back/lumbar_bending
  /jointset/back/lumbar_rotation
Adding reserve actuators with an optimal force of 500...
Added 13 reserve actuator(s), for each of the following coordinates:
  /jointset/hip_r/hip_flexion_r
  /jointset/hip_r/hip_adduction_r
  /jointset/hip_r/hip_rotation_r
  /jointset/walker_knee_r/knee_angle_r
  /jointset/ankle_r/ankle_angle_r
  /jointset/hip_l/hip_flexion_l
  /jointset/hip_l/hip_adduction_l
  /jointset/hip_l/hip_rotation_l
  /jointset/walker_knee_l/knee_angle_l
  /jointset/ankle_l/ankle_angle_l
  /jointset/back/lumbar_extension
  /jointset/back/lumbar_bending
  /jointset/back/lumbar_rotation
Loaded model model from file MocoScaledModel_BaselineContact.osim
Couldn't find file 'r_pelvis.vtp'.
Couldn't find file 'l_pelvis.vtp'.
Couldn't find file 'sacrum.vtp'.
Couldn't find file 'r_femur.vtp'.
Couldn't find file 'r_tibia.vtp'.
Couldn't find file 'r_fibula.vtp'.
Couldn't find file 'r_patella.vtp'.
Couldn't find file 'r_talus.vtp'.
Couldn't find file 'r_foot.vtp'.
Couldn't find file 'r_bofoot.vtp'.
Couldn't find file 'l_femur.vtp'.
Couldn't find file 'l_tibia.vtp'.
Couldn't find file 'l_fibula.vtp'.
Couldn't find file 'l_patella.vtp'.
Couldn't find file 'l_talus.vtp'.
Couldn't find file 'l_foot.vtp'.
Couldn't find file 'l_bofoot.vtp'.
Couldn't find file 'hat_spine.vtp'.
Couldn't find file 'hat_jaw.vtp'.
Couldn't find file 'hat_skull.vtp'.
Couldn't find file 'hat_ribs_scap.vtp'.
Storage: read data file =coordinates.sto (nr=189 nc=26)
Storage: read data file =coordinates.sto (nr=189 nc=26)
Adding reserve actuators with an optimal force of 500...
Added 13 reserve actuator(s), for each of the following coordinates:
  /jointset/hip_r/hip_flexion_r
  /jointset/hip_r/hip_adduction_r
  /jointset/hip_r/hip_rotation_r
  /jointset/walker_knee_r/knee_angle_r
  /jointset/ankle_r/ankle_angle_r
  /jointset/hip_l/hip_flexion_l
  /jointset/hip_l/hip_adduction_l
  /jointset/hip_l/hip_rotation_l
  /jointset/walker_knee_l/knee_angle_l
  /jointset/ankle_l/ankle_angle_l
  /jointset/back/lumbar_extension
  /jointset/back/lumbar_bending
  /jointset/back/lumbar_rotation
Adding reserve actuators with an optimal force of 500...
Added 13 reserve actuator(s), for each of the following coordinates:
  /jointset/hip_r/hip_flexion_r
  /jointset/hip_r/hip_adduction_r
  /jointset/hip_r/hip_rotation_r
  /jointset/walker_knee_r/knee_angle_r
  /jointset/ankle_r/ankle_angle_r
  /jointset/hip_l/hip_flexion_l
  /jointset/hip_l/hip_adduction_l
  /jointset/hip_l/hip_rotation_l
  /jointset/walker_knee_l/knee_angle_l
  /jointset/ankle_l/ankle_angle_l
  /jointset/back/lumbar_extension
  /jointset/back/lumbar_bending
  /jointset/back/lumbar_rotation
===============================================================================
MocoCasADiSolver starting. 14/02/2020 2:23:41 PM
-------------------------------------------------------------------------------
Costs: (total: 3)
  state_tracking. MocoStateTrackingGoal, enabled: 1, mode: cost, weight: 1
        state: /jointset/ground_pelvis/pelvis_tilt/value, weight: 10
        state: /jointset/ground_pelvis/pelvis_list/value, weight: 10
        state: /jointset/ground_pelvis/pelvis_rotation/value, weight: 10
        state: /jointset/ground_pelvis/pelvis_tx/value, weight: 10
        state: /jointset/ground_pelvis/pelvis_ty/value, weight: 10
        state: /jointset/ground_pelvis/pelvis_tz/value, weight: 10
        state: /jointset/hip_r/hip_flexion_r/value, weight: 10
        state: /jointset/hip_r/hip_adduction_r/value, weight: 10
        state: /jointset/hip_r/hip_rotation_r/value, weight: 10
        state: /jointset/walker_knee_r/knee_angle_r/value, weight: 10
        state: /jointset/patellofemoral_r/knee_angle_r_beta/value, weight: 10
        state: /jointset/ankle_r/ankle_angle_r/value, weight: 10
        state: /jointset/hip_l/hip_flexion_l/value, weight: 10
        state: /jointset/hip_l/hip_adduction_l/value, weight: 10
        state: /jointset/hip_l/hip_rotation_l/value, weight: 10
        state: /jointset/walker_knee_l/knee_angle_l/value, weight: 10
        state: /jointset/patellofemoral_l/knee_angle_l_beta/value, weight: 10
        state: /jointset/ankle_l/ankle_angle_l/value, weight: 10
        state: /jointset/back/lumbar_extension/value, weight: 10
        state: /jointset/back/lumbar_bending/value, weight: 10
        state: /jointset/back/lumbar_rotation/value, weight: 10
        state: /jointset/ground_pelvis/pelvis_tilt/speed, weight: 10
        state: /jointset/ground_pelvis/pelvis_list/speed, weight: 10
        state: /jointset/ground_pelvis/pelvis_rotation/speed, weight: 10
        state: /jointset/ground_pelvis/pelvis_tx/speed, weight: 10
        state: /jointset/ground_pelvis/pelvis_ty/speed, weight: 10
        state: /jointset/ground_pelvis/pelvis_tz/speed, weight: 10
        state: /jointset/hip_r/hip_flexion_r/speed, weight: 10
        state: /jointset/hip_r/hip_adduction_r/speed, weight: 10
        state: /jointset/hip_r/hip_rotation_r/speed, weight: 10
        state: /jointset/walker_knee_r/knee_angle_r/speed, weight: 10
        state: /jointset/patellofemoral_r/knee_angle_r_beta/speed, weight: 10
        state: /jointset/ankle_r/ankle_angle_r/speed, weight: 10
        state: /jointset/hip_l/hip_flexion_l/speed, weight: 10
        state: /jointset/hip_l/hip_adduction_l/speed, weight: 10
        state: /jointset/hip_l/hip_rotation_l/speed, weight: 10
        state: /jointset/walker_knee_l/knee_angle_l/speed, weight: 10
        state: /jointset/patellofemoral_l/knee_angle_l_beta/speed, weight: 10
        state: /jointset/ankle_l/ankle_angle_l/speed, weight: 10
        state: /jointset/back/lumbar_extension/speed, weight: 10
        state: /jointset/back/lumbar_bending/speed, weight: 10
        state: /jointset/back/lumbar_rotation/speed, weight: 10
  control_effort. MocoControlGoal, enabled: 1, mode: cost, weight: 10
        control: /forceset/pelvis_tilt_reserve, weight: 10
        control: /forceset/pelvis_list_reserve, weight: 10
        control: /forceset/pelvis_rotation_reserve, weight: 10
        control: /forceset/pelvis_tx_reserve, weight: 10
        control: /forceset/pelvis_ty_reserve, weight: 10
        control: /forceset/pelvis_tz_reserve, weight: 10
        control: /forceset/reserve_jointset_hip_r_hip_flexion_r, weight: 1
        control: /forceset/reserve_jointset_hip_r_hip_adduction_r, weight: 1
        control: /forceset/reserve_jointset_hip_r_hip_rotation_r, weight: 1
        control: /forceset/reserve_jointset_walker_knee_r_knee_angle_r, weight: 1
        control: /forceset/reserve_jointset_ankle_r_ankle_angle_r, weight: 1
        control: /forceset/reserve_jointset_hip_l_hip_flexion_l, weight: 1
        control: /forceset/reserve_jointset_hip_l_hip_adduction_l, weight: 1
        control: /forceset/reserve_jointset_hip_l_hip_rotation_l, weight: 1
        control: /forceset/reserve_jointset_walker_knee_l_knee_angle_l, weight: 1
        control: /forceset/reserve_jointset_ankle_l_ankle_angle_l, weight: 1
        control: /forceset/reserve_jointset_back_lumbar_extension, weight: 1
        control: /forceset/reserve_jointset_back_lumbar_bending, weight: 1
        control: /forceset/reserve_jointset_back_lumbar_rotation, weight: 1
  contact. MocoContactTrackingGoal, enabled: 1, mode: cost, weight: 1
        projection type: plane
        projection vector: ~[0,0,1]
        group 0: ExternalForce: calcn_r
            forces: 
                /contactSphereHeel_r
                /contactSphereTarsals_r
                /contactSphereMetOneProx_r
                /contactSphereMetOneDist_r
                /contactSphereMetFiveProx_r
                /contactSphereMetFiveDist_r
        group 1: ExternalForce: calcn_l
            forces: 
                /contactSphereHeel_l
                /contactSphereTarsals_l
                /contactSphereMetOneProx_l
                /contactSphereMetOneDist_l
                /contactSphereMetFiveProx_l
                /contactSphereMetFiveDist_l
Endpoint constraints: none
Kinematic constraints: (total: 2)
  kinematic_constraint_cid21. MocoConstraintInfo. number of scalar equations: 3. bounds: 0, 0, 0
  kinematic_constraint_cid22. MocoConstraintInfo. number of scalar equations: 3. bounds: 0, 0, 0
Path constraints: none
States: (total: 42)
  /jointset/ground_pelvis/pelvis_tilt/value. bounds: [-1.5708, 1.5708]
  /jointset/ground_pelvis/pelvis_tilt/speed. bounds: [-50, 50]
  /jointset/ground_pelvis/pelvis_tx/value. bounds: [-5, 5]
  /jointset/back/lumbar_rotation/value. bounds: [-1.5708, 1.5708]
  /jointset/walker_knee_r/knee_angle_r/speed. bounds: [-50, 50]
  /jointset/ground_pelvis/pelvis_rotation/speed. bounds: [-50, 50]
  /jointset/ground_pelvis/pelvis_list/value. bounds: [-1.5708, 1.5708]
  /jointset/ground_pelvis/pelvis_tx/speed. bounds: [-50, 50]
  /jointset/ground_pelvis/pelvis_list/speed. bounds: [-50, 50]
  /jointset/walker_knee_r/knee_angle_r/value. bounds: [0, 2.0944]
  /jointset/ground_pelvis/pelvis_rotation/value. bounds: [-1.5708, 1.5708]
  /jointset/ankle_l/ankle_angle_l/value. bounds: [-0.4, 0.4]
  /jointset/ground_pelvis/pelvis_ty/value. bounds: [-1, 2]
  /jointset/ankle_l/ankle_angle_l/speed. bounds: [-50, 50]
  /jointset/ground_pelvis/pelvis_ty/speed. bounds: [-50, 50]
  /jointset/hip_l/hip_rotation_l/value. bounds: [-0.698132, 0.698132]
  /jointset/ground_pelvis/pelvis_tz/value. bounds: [-3, 3]
  /jointset/hip_l/hip_rotation_l/speed. bounds: [-50, 50]
  /jointset/ground_pelvis/pelvis_tz/speed. bounds: [-50, 50]
  /jointset/ankle_r/ankle_angle_r/value. bounds: [-0.4, 0.4]
  /jointset/hip_r/hip_adduction_r/speed. bounds: [-50, 50]
  /jointset/hip_r/hip_flexion_r/value. bounds: [-0.523599, 2.0944]
  /jointset/ankle_r/ankle_angle_r/speed. bounds: [-50, 50]
  /jointset/hip_r/hip_flexion_r/speed. bounds: [-50, 50]
  /jointset/hip_r/hip_adduction_r/value. bounds: [-0.872665, 0.523599]
  /jointset/back/lumbar_rotation/speed. bounds: [-50, 50]
  /jointset/hip_r/hip_rotation_r/value. bounds: [-0.698132, 0.698132]
  /jointset/hip_r/hip_rotation_r/speed. bounds: [-50, 50]
  /jointset/patellofemoral_r/knee_angle_r_beta/value. bounds: [-99999.9, 99999.9]
  /jointset/patellofemoral_r/knee_angle_r_beta/speed. bounds: [-50, 50]
  /jointset/back/lumbar_extension/speed. bounds: [-50, 50]
  /jointset/hip_l/hip_flexion_l/value. bounds: [-0.523599, 2.0944]
  /jointset/back/lumbar_bending/value. bounds: [-1.5708, 1.5708]
  /jointset/hip_l/hip_flexion_l/speed. bounds: [-50, 50]
  /jointset/hip_l/hip_adduction_l/value. bounds: [-0.872665, 0.523599]
  /jointset/hip_l/hip_adduction_l/speed. bounds: [-50, 50]
  /jointset/patellofemoral_l/knee_angle_l_beta/value. bounds: [-99999.9, 99999.9]
  /jointset/walker_knee_l/knee_angle_l/value. bounds: [0, 2.0944]
  /jointset/patellofemoral_l/knee_angle_l_beta/speed. bounds: [-50, 50]
  /jointset/walker_knee_l/knee_angle_l/speed. bounds: [-50, 50]
  /jointset/back/lumbar_extension/value. bounds: [-1.5708, 1.5708]
  /jointset/back/lumbar_bending/speed. bounds: [-50, 50]
Controls: (total: 19):
  /forceset/pelvis_ty_reserve. bounds: [-1, 1]
  /forceset/pelvis_tilt_reserve. bounds: [-1, 1]
  /forceset/pelvis_tx_reserve. bounds: [-1, 1]
  /forceset/pelvis_list_reserve. bounds: [-1, 1]
  /forceset/pelvis_tz_reserve. bounds: [-1, 1]
  /forceset/pelvis_rotation_reserve. bounds: [-1, 1]
  /forceset/reserve_jointset_hip_r_hip_flexion_r. bounds: [-inf, inf]
  /forceset/reserve_jointset_hip_r_hip_adduction_r. bounds: [-inf, inf]
  /forceset/reserve_jointset_hip_r_hip_rotation_r. bounds: [-inf, inf]
  /forceset/reserve_jointset_walker_knee_r_knee_angle_r. bounds: [-inf, inf]
  /forceset/reserve_jointset_ankle_r_ankle_angle_r. bounds: [-inf, inf]
  /forceset/reserve_jointset_hip_l_hip_flexion_l. bounds: [-inf, inf]
  /forceset/reserve_jointset_hip_l_hip_adduction_l. bounds: [-inf, inf]
  /forceset/reserve_jointset_walker_knee_l_knee_angle_l. bounds: [-inf, inf]
  /forceset/reserve_jointset_hip_l_hip_rotation_l. bounds: [-inf, inf]
  /forceset/reserve_jointset_ankle_l_ankle_angle_l. bounds: [-inf, inf]
  /forceset/reserve_jointset_back_lumbar_extension. bounds: [-inf, inf]
  /forceset/reserve_jointset_back_lumbar_bending. bounds: [-inf, inf]
  /forceset/reserve_jointset_back_lumbar_rotation. bounds: [-inf, inf]
Parameters: none
Number of threads: 8

List of user-set options:

                                    Name   Value                used
                acceptable_compl_inf_tol = 0.01                  yes
              acceptable_constr_viol_tol = 0.01                  yes
                 acceptable_dual_inf_tol = 0.01                  yes
                          acceptable_tol = 0.01                  yes
                           compl_inf_tol = 0.01                  yes
                         constr_viol_tol = 0.01                  yes
                            dual_inf_tol = 0.01                  yes
                   hessian_approximation = limited-memory        yes
                      print_user_options = yes                   yes
                                     tol = 0.01                  yes
This is Ipopt version 3.12.8, running with linear solver mumps.
NOTE: Other linear solvers might be more efficient (see Ipopt documentation).

Number of nonzeros in equality constraint Jacobian...:   622362
Number of nonzeros in inequality constraint Jacobian.:        0
Number of nonzeros in Lagrangian Hessian.............:        0

Total number of variables............................:     9791
                     variables with only lower bounds:        0
                variables with lower and upper bounds:     7802
                     variables with only upper bounds:        0
Total number of equality constraints.................:     8290
Total number of inequality constraints...............:        0
        inequality constraints with only lower bounds:        0
   inequality constraints with lower and upper bounds:        0
        inequality constraints with only upper bounds:        0

iter    objective    inf_pr   inf_du lg(mu)  ||d||  lg(rg) alpha_du alpha_pr  ls
   0  5.3696143e+08 1.07e+05 1.09e+00   0.0 0.00e+00    -  0.00e+00 0.00e+00   0
   1  1.6931725e+08 5.11e+04 7.66e+01   1.5 1.74e+00    -  9.90e-01 2.27e-01h  1
   2  5.5658104e+03 1.64e+05 6.71e+02   1.8 2.55e+01    -  5.12e-01 6.85e-01f  1
   3  4.1075921e+03 4.03e+04 2.44e+02   1.3 1.92e+01    -  9.96e-01 1.00e+00f  1
   4  8.0261499e+03 2.93e+04 6.88e+04   0.4 3.76e+00    -  9.31e-01 1.00e+00h  1
   5  3.5191016e+03 9.44e+04 3.28e+03   1.4 7.28e+01    -  1.00e+00 1.49e-01f  1
   6  3.3103990e+03 2.44e+03 1.84e+03   0.9 1.15e+01    -  9.80e-01 1.00e+00f  1
   7  2.4466290e+03 4.84e+02 1.61e+02   0.6 3.81e+00    -  8.52e-01 1.00e+00f  1
   8  1.3963932e+03 4.34e+03 7.67e+01  -0.8 1.12e+01    -  2.48e-01 9.21e-01f  1
   9  1.3366498e+03 4.42e+02 9.29e+01   0.0 3.46e+00    -  8.10e-01 1.00e+00f  1
iter    objective    inf_pr   inf_du lg(mu)  ||d||  lg(rg) alpha_du alpha_pr  ls
  10  1.2571645e+03 2.98e+02 7.94e+01  -0.6 2.55e+00    -  9.96e-01 1.00e+00f  1
  11  1.1820405e+03 4.06e+02 5.99e+01  -1.1 2.07e+00    -  1.00e+00 9.71e-01f  1
  12  1.1361790e+03 5.88e+02 1.95e+01  -1.1 2.25e+00    -  5.75e-01 1.00e+00f  1
  13  1.1216974e+03 3.37e+02 1.05e+01  -1.7 1.85e+00    -  5.53e-01 4.64e-01f  2
  14  1.2300169e+03 1.49e+03 8.38e+03  -2.9 1.19e+00    -  4.71e-01 2.94e-01h  2
  15  1.2001450e+03 1.28e+03 5.97e+03  -0.9 6.05e-01    -  1.00e+00 1.41e-01f  1
  16  1.1233441e+03 3.24e+02 4.84e+03  -6.9 1.44e+00    -  6.65e-01 5.77e-01f  1
  17  1.1167194e+03 2.08e+02 2.78e+02  -2.4 8.16e-01    -  4.29e-01 1.00e+00f  1
  18  1.1295180e+03 8.40e+01 1.09e+02  -1.5 1.04e+00    -  6.24e-01 1.00e+00H  1
  19  1.1135675e+03 2.48e+01 6.57e+01  -1.7 5.29e-01    -  1.00e+00 1.00e+00f  1
iter    objective    inf_pr   inf_du lg(mu)  ||d||  lg(rg) alpha_du alpha_pr  ls
  20  1.1130152e+03 7.35e+00 4.65e+01  -2.7 7.34e-02    -  1.00e+00 7.21e-01f  1
  21  1.1125034e+03 7.84e+00 4.76e+01  -3.3 3.25e-01    -  1.00e+00 3.63e-01f  1
  22  1.1120326e+03 8.61e+00 4.35e+01  -3.5 7.27e-01    -  1.00e+00 9.07e-02f  4
  23  1.1119327e+03 9.67e+00 4.25e+01  -3.8 5.63e-01    -  1.00e+00 2.40e-02f  6
  24  1.1119029e+03 5.25e+01 4.18e+01  -4.1 8.43e-01    -  1.00e+00 1.36e-02f  7
  25  1.1118603e+03 3.85e+01 2.57e+01  -4.2 6.76e-02    -  1.00e+00 3.83e-01h  1
  26  1.1117352e+03 1.93e+01 1.27e+01  -5.4 9.69e-02    -  1.00e+00 5.07e-01h  1
  27  1.1116745e+03 3.79e+01 1.15e+01  -5.7 4.27e-01    -  1.00e+00 9.53e-02h  3
  28  1.1114514e+03 1.51e+01 6.68e+00  -6.1 2.96e-01    -  1.00e+00 5.54e-01f  1
  29  1.1118733e+03 2.44e+00 5.76e+00  -4.1 2.71e-01    -  1.00e+00 9.13e-01H  1
iter    objective    inf_pr   inf_du lg(mu)  ||d||  lg(rg) alpha_du alpha_pr  ls
  30  1.1113829e+03 1.86e+00 3.50e+00  -5.0 1.22e-01    -  1.00e+00 9.14e-01f  1
  31  1.1113760e+03 4.25e-01 2.06e+00  -5.6 1.24e-02    -  1.00e+00 9.94e-01h  1
  32  1.1113744e+03 2.04e+00 3.72e+00  -7.1 1.03e-01    -  1.00e+00 1.53e-01h  2
  33  1.1113727e+03 1.07e-01 5.70e-01  -6.9 1.27e-02    -  1.00e+00 9.99e-01h  1
  34  1.1113714e+03 3.04e-01 4.07e+02  -7.8 6.29e-02    -  1.00e+00 2.17e-01h  1
  35  1.1113713e+03 3.03e-01 1.41e+03  -8.7 4.18e-01    -  1.00e+00 3.53e-03h  1
  36  1.1113694e+03 2.81e+00 1.05e+02 -11.0 3.89e-01    -  7.95e-02 1.88e-01h  3
  37  1.1113693e+03 2.79e+00 2.41e+03  -6.7 1.28e-01    -  1.00e+00 6.56e-03h  1
  38  1.1113674e+03 6.03e+00 5.88e+02  -7.7 5.38e-02    -  1.00e+00 1.00e+00h  1
  39  1.1113671e+03 4.70e+00 1.33e+01 -11.0 4.39e-02    -  8.15e-01 2.47e-01h  3
iter    objective    inf_pr   inf_du lg(mu)  ||d||  lg(rg) alpha_du alpha_pr  ls
  40  1.1113667e+03 1.46e+00 9.56e+00  -6.4 6.09e-03    -  1.98e-02 1.00e+00h  1
  41  1.1113667e+03 1.31e+00 8.64e+00  -8.1 1.27e-02    -  1.00e+00 9.80e-02h  1
  42  1.1113665e+03 1.99e-01 1.73e-01  -7.8 1.79e-02    -  1.00e+00 1.00e+00h  1
  43  1.1113664e+03 5.09e-02 2.59e-01  -9.0 4.19e-02    -  1.00e+00 1.00e+00h  1
  44  1.1113661e+03 5.47e-02 4.23e-02  -9.9 1.33e-02    -  1.00e+00 1.00e+00h  1
  45  1.1113665e+03 3.33e-02 3.11e-01 -11.0 3.68e-03    -  1.00e+00 1.00e+00h  1
  46  1.1113661e+03 1.88e-02 1.27e-02 -11.0 2.47e-03    -  1.00e+00 1.00e+00h  1
  47  1.1113661e+03 4.68e-04 2.46e-02 -11.0 2.62e-03    -  1.00e+00 1.00e+00h  1
  48  1.1113669e+03 1.06e-03 2.26e-02 -11.0 4.86e-02    -  1.00e+00 1.00e+00H  1
  49  1.1113666e+03 1.55e+00 1.22e+00 -11.0 2.25e-02    -  1.00e+00 1.00e+00f  1
iter    objective    inf_pr   inf_du lg(mu)  ||d||  lg(rg) alpha_du alpha_pr  ls
  50  1.1113663e+03 6.03e-01 1.25e+00 -11.0 3.31e-02    -  1.00e+00 1.00e+00h  1
  51  1.1113668e+03 1.34e+00 6.20e-01 -11.0 2.81e-02    -  1.00e+00 1.00e+00h  1
  52  1.1113661e+03 5.48e-01 2.15e-02 -11.0 1.39e-02    -  1.00e+00 1.00e+00h  1
  53  1.1113662e+03 2.77e-02 1.62e-01 -11.0 3.94e-03    -  1.00e+00 1.00e+00h  1
  54  1.1113661e+03 1.30e-02 2.33e-02 -11.0 2.57e-03    -  1.00e+00 1.00e+00h  1
  55  1.1113661e+03 1.57e-04 1.08e-04 -11.0 1.25e-04    -  1.00e+00 1.00e+00h  1

Number of Iterations....: 55

                                   (scaled)                 (unscaled)
Objective...............:   1.1113661034754077e+03    1.1113661034754077e+03
Dual infeasibility......:   1.0804678453844201e-04    1.0804678453844201e-04
Constraint violation....:   5.9280804907265553e-09    1.5699638252897330e-04
Complementarity.........:   1.0000827088957530e-11    1.0000827088957530e-11
Overall NLP error.......:   1.0804678453844201e-04    1.5699638252897330e-04


Number of objective function evaluations             = 105
Number of objective gradient evaluations             = 56
Number of equality constraint evaluations            = 105
Number of inequality constraint evaluations          = 0
Number of equality constraint Jacobian evaluations   = 56
Number of inequality constraint Jacobian evaluations = 0
Number of Lagrangian Hessian evaluations             = 0
Total CPU secs in IPOPT (w/o function evaluations)   =     43.705
Total CPU secs in NLP function evaluations           =    300.371

EXIT: Optimal Solution Found.
               t_proc [s]   t_wall [s]    n_eval
callback_fun         0.18        0.182        56
         nlp          344          344         1
       nlp_f         8.45         8.46       105
       nlp_g         7.99         7.99       105
  nlp_grad_f          124          124        57
   nlp_jac_g          163          163        57

Breakdown of objective (including weights):
  state_tracking: 52.8491
  control_effort: 0.374642
  contact: 1058.14
-------------------------------------------------------------------------------
Elapsed real time: 349 second(s) (5 minute(s), 49 second(s)).
14/02/2020 2:29:30 PM
MocoCasADiSolver succeeded!
===============================================================================
Storage: read data file =Jog05_rraKinematics.sto (nr=907 nc=26)
Storage: read data file =Jog05_rraKinematics.sto (nr=907 nc=26)
Loaded model model from file MocoScaledModel_BaselineContact.osim
Couldn't find file 'r_pelvis.vtp'.
Couldn't find file 'l_pelvis.vtp'.
Couldn't find file 'sacrum.vtp'.
Couldn't find file 'r_femur.vtp'.
Couldn't find file 'r_tibia.vtp'.
Couldn't find file 'r_fibula.vtp'.
Couldn't find file 'r_patella.vtp'.
Couldn't find file 'r_talus.vtp'.
Couldn't find file 'r_foot.vtp'.
Couldn't find file 'r_bofoot.vtp'.
Couldn't find file 'l_femur.vtp'.
Couldn't find file 'l_tibia.vtp'.
Couldn't find file 'l_fibula.vtp'.
Couldn't find file 'l_patella.vtp'.
Couldn't find file 'l_talus.vtp'.
Couldn't find file 'l_foot.vtp'.
Couldn't find file 'l_bofoot.vtp'.
Couldn't find file 'hat_spine.vtp'.
Couldn't find file 'hat_jaw.vtp'.
Couldn't find file 'hat_skull.vtp'.
Couldn't find file 'hat_ribs_scap.vtp'.
Storage: read data file =coordinates.sto (nr=189 nc=26)
Storage: read data file =coordinates.sto (nr=189 nc=26)
Adding reserve actuators with an optimal force of 500...
Added 13 reserve actuator(s), for each of the following coordinates:
  /jointset/hip_r/hip_flexion_r
  /jointset/hip_r/hip_adduction_r
  /jointset/hip_r/hip_rotation_r
  /jointset/walker_knee_r/knee_angle_r
  /jointset/ankle_r/ankle_angle_r
  /jointset/hip_l/hip_flexion_l
  /jointset/hip_l/hip_adduction_l
  /jointset/hip_l/hip_rotation_l
  /jointset/walker_knee_l/knee_angle_l
  /jointset/ankle_l/ankle_angle_l
  /jointset/back/lumbar_extension
  /jointset/back/lumbar_bending
  /jointset/back/lumbar_rotation
Adding reserve actuators with an optimal force of 500...
Added 13 reserve actuator(s), for each of the following coordinates:
  /jointset/hip_r/hip_flexion_r
  /jointset/hip_r/hip_adduction_r
  /jointset/hip_r/hip_rotation_r
  /jointset/walker_knee_r/knee_angle_r
  /jointset/ankle_r/ankle_angle_r
  /jointset/hip_l/hip_flexion_l
  /jointset/hip_l/hip_adduction_l
  /jointset/hip_l/hip_rotation_l
  /jointset/walker_knee_l/knee_angle_l
  /jointset/ankle_l/ankle_angle_l
  /jointset/back/lumbar_extension
  /jointset/back/lumbar_bending
  /jointset/back/lumbar_rotation
===============================================================================
MocoCasADiSolver starting. 14/02/2020 2:34:08 PM
-------------------------------------------------------------------------------
Costs: (total: 3)
  state_tracking. MocoStateTrackingGoal, enabled: 1, mode: cost, weight: 10
        state: /jointset/ground_pelvis/pelvis_tilt/value, weight: 10
        state: /jointset/ground_pelvis/pelvis_list/value, weight: 10
        state: /jointset/ground_pelvis/pelvis_rotation/value, weight: 10
        state: /jointset/ground_pelvis/pelvis_tx/value, weight: 10
        state: /jointset/ground_pelvis/pelvis_ty/value, weight: 10
        state: /jointset/ground_pelvis/pelvis_tz/value, weight: 10
        state: /jointset/hip_r/hip_flexion_r/value, weight: 10
        state: /jointset/hip_r/hip_adduction_r/value, weight: 10
        state: /jointset/hip_r/hip_rotation_r/value, weight: 10
        state: /jointset/walker_knee_r/knee_angle_r/value, weight: 10
        state: /jointset/patellofemoral_r/knee_angle_r_beta/value, weight: 10
        state: /jointset/ankle_r/ankle_angle_r/value, weight: 10
        state: /jointset/hip_l/hip_flexion_l/value, weight: 10
        state: /jointset/hip_l/hip_adduction_l/value, weight: 10
        state: /jointset/hip_l/hip_rotation_l/value, weight: 10
        state: /jointset/walker_knee_l/knee_angle_l/value, weight: 10
        state: /jointset/patellofemoral_l/knee_angle_l_beta/value, weight: 10
        state: /jointset/ankle_l/ankle_angle_l/value, weight: 10
        state: /jointset/back/lumbar_extension/value, weight: 10
        state: /jointset/back/lumbar_bending/value, weight: 10
        state: /jointset/back/lumbar_rotation/value, weight: 10
        state: /jointset/ground_pelvis/pelvis_tilt/speed, weight: 10
        state: /jointset/ground_pelvis/pelvis_list/speed, weight: 10
        state: /jointset/ground_pelvis/pelvis_rotation/speed, weight: 10
        state: /jointset/ground_pelvis/pelvis_tx/speed, weight: 10
        state: /jointset/ground_pelvis/pelvis_ty/speed, weight: 10
        state: /jointset/ground_pelvis/pelvis_tz/speed, weight: 10
        state: /jointset/hip_r/hip_flexion_r/speed, weight: 10
        state: /jointset/hip_r/hip_adduction_r/speed, weight: 10
        state: /jointset/hip_r/hip_rotation_r/speed, weight: 10
        state: /jointset/walker_knee_r/knee_angle_r/speed, weight: 10
        state: /jointset/patellofemoral_r/knee_angle_r_beta/speed, weight: 10
        state: /jointset/ankle_r/ankle_angle_r/speed, weight: 10
        state: /jointset/hip_l/hip_flexion_l/speed, weight: 10
        state: /jointset/hip_l/hip_adduction_l/speed, weight: 10
        state: /jointset/hip_l/hip_rotation_l/speed, weight: 10
        state: /jointset/walker_knee_l/knee_angle_l/speed, weight: 10
        state: /jointset/patellofemoral_l/knee_angle_l_beta/speed, weight: 10
        state: /jointset/ankle_l/ankle_angle_l/speed, weight: 10
        state: /jointset/back/lumbar_extension/speed, weight: 10
        state: /jointset/back/lumbar_bending/speed, weight: 10
        state: /jointset/back/lumbar_rotation/speed, weight: 10
  control_effort. MocoControlGoal, enabled: 1, mode: cost, weight: 0.001
        control: /forceset/pelvis_tilt_reserve, weight: 10
        control: /forceset/pelvis_list_reserve, weight: 10
        control: /forceset/pelvis_rotation_reserve, weight: 10
        control: /forceset/pelvis_tx_reserve, weight: 10
        control: /forceset/pelvis_ty_reserve, weight: 10
        control: /forceset/pelvis_tz_reserve, weight: 10
        control: /forceset/reserve_jointset_hip_r_hip_flexion_r, weight: 1
        control: /forceset/reserve_jointset_hip_r_hip_adduction_r, weight: 1
        control: /forceset/reserve_jointset_hip_r_hip_rotation_r, weight: 1
        control: /forceset/reserve_jointset_walker_knee_r_knee_angle_r, weight: 1
        control: /forceset/reserve_jointset_ankle_r_ankle_angle_r, weight: 1
        control: /forceset/reserve_jointset_hip_l_hip_flexion_l, weight: 1
        control: /forceset/reserve_jointset_hip_l_hip_adduction_l, weight: 1
        control: /forceset/reserve_jointset_hip_l_hip_rotation_l, weight: 1
        control: /forceset/reserve_jointset_walker_knee_l_knee_angle_l, weight: 1
        control: /forceset/reserve_jointset_ankle_l_ankle_angle_l, weight: 1
        control: /forceset/reserve_jointset_back_lumbar_extension, weight: 1
        control: /forceset/reserve_jointset_back_lumbar_bending, weight: 1
        control: /forceset/reserve_jointset_back_lumbar_rotation, weight: 1
  contact. MocoContactTrackingGoal, enabled: 1, mode: cost, weight: 10
        projection type: plane
        projection vector: ~[0,0,1]
        group 0: ExternalForce: calcn_r
            forces: 
                /contactSphereHeel_r
                /contactSphereTarsals_r
                /contactSphereMetOneProx_r
                /contactSphereMetOneDist_r
                /contactSphereMetFiveProx_r
                /contactSphereMetFiveDist_r
        group 1: ExternalForce: calcn_l
            forces: 
                /contactSphereHeel_l
                /contactSphereTarsals_l
                /contactSphereMetOneProx_l
                /contactSphereMetOneDist_l
                /contactSphereMetFiveProx_l
                /contactSphereMetFiveDist_l
Endpoint constraints: none
Kinematic constraints: (total: 2)
  kinematic_constraint_cid21. MocoConstraintInfo. number of scalar equations: 3. bounds: 0, 0, 0
  kinematic_constraint_cid22. MocoConstraintInfo. number of scalar equations: 3. bounds: 0, 0, 0
Path constraints: none
States: (total: 42)
  /jointset/ground_pelvis/pelvis_tilt/value. bounds: [-1.5708, 1.5708]
  /jointset/ground_pelvis/pelvis_tilt/speed. bounds: [-50, 50]
  /jointset/ground_pelvis/pelvis_tx/value. bounds: [-5, 5]
  /jointset/back/lumbar_rotation/value. bounds: [-1.5708, 1.5708]
  /jointset/walker_knee_r/knee_angle_r/speed. bounds: [-50, 50]
  /jointset/ground_pelvis/pelvis_rotation/speed. bounds: [-50, 50]
  /jointset/ground_pelvis/pelvis_list/value. bounds: [-1.5708, 1.5708]
  /jointset/ground_pelvis/pelvis_tx/speed. bounds: [-50, 50]
  /jointset/ground_pelvis/pelvis_list/speed. bounds: [-50, 50]
  /jointset/walker_knee_r/knee_angle_r/value. bounds: [0, 2.0944]
  /jointset/ground_pelvis/pelvis_rotation/value. bounds: [-1.5708, 1.5708]
  /jointset/ankle_l/ankle_angle_l/value. bounds: [-0.4, 0.4]
  /jointset/ground_pelvis/pelvis_ty/value. bounds: [-1, 2]
  /jointset/ankle_l/ankle_angle_l/speed. bounds: [-50, 50]
  /jointset/ground_pelvis/pelvis_ty/speed. bounds: [-50, 50]
  /jointset/hip_l/hip_rotation_l/value. bounds: [-0.698132, 0.698132]
  /jointset/ground_pelvis/pelvis_tz/value. bounds: [-3, 3]
  /jointset/hip_l/hip_rotation_l/speed. bounds: [-50, 50]
  /jointset/ground_pelvis/pelvis_tz/speed. bounds: [-50, 50]
  /jointset/ankle_r/ankle_angle_r/value. bounds: [-0.4, 0.4]
  /jointset/hip_r/hip_adduction_r/speed. bounds: [-50, 50]
  /jointset/hip_r/hip_flexion_r/value. bounds: [-0.523599, 2.0944]
  /jointset/ankle_r/ankle_angle_r/speed. bounds: [-50, 50]
  /jointset/hip_r/hip_flexion_r/speed. bounds: [-50, 50]
  /jointset/hip_r/hip_adduction_r/value. bounds: [-0.872665, 0.523599]
  /jointset/back/lumbar_rotation/speed. bounds: [-50, 50]
  /jointset/hip_r/hip_rotation_r/value. bounds: [-0.698132, 0.698132]
  /jointset/hip_r/hip_rotation_r/speed. bounds: [-50, 50]
  /jointset/patellofemoral_r/knee_angle_r_beta/value. bounds: [-99999.9, 99999.9]
  /jointset/patellofemoral_r/knee_angle_r_beta/speed. bounds: [-50, 50]
  /jointset/back/lumbar_extension/speed. bounds: [-50, 50]
  /jointset/hip_l/hip_flexion_l/value. bounds: [-0.523599, 2.0944]
  /jointset/back/lumbar_bending/value. bounds: [-1.5708, 1.5708]
  /jointset/hip_l/hip_flexion_l/speed. bounds: [-50, 50]
  /jointset/hip_l/hip_adduction_l/value. bounds: [-0.872665, 0.523599]
  /jointset/hip_l/hip_adduction_l/speed. bounds: [-50, 50]
  /jointset/patellofemoral_l/knee_angle_l_beta/value. bounds: [-99999.9, 99999.9]
  /jointset/walker_knee_l/knee_angle_l/value. bounds: [0, 2.0944]
  /jointset/patellofemoral_l/knee_angle_l_beta/speed. bounds: [-50, 50]
  /jointset/walker_knee_l/knee_angle_l/speed. bounds: [-50, 50]
  /jointset/back/lumbar_extension/value. bounds: [-1.5708, 1.5708]
  /jointset/back/lumbar_bending/speed. bounds: [-50, 50]
Controls: (total: 19):
  /forceset/pelvis_ty_reserve. bounds: [-1, 1]
  /forceset/pelvis_tilt_reserve. bounds: [-1, 1]
  /forceset/pelvis_tx_reserve. bounds: [-1, 1]
  /forceset/pelvis_list_reserve. bounds: [-1, 1]
  /forceset/pelvis_tz_reserve. bounds: [-1, 1]
  /forceset/pelvis_rotation_reserve. bounds: [-1, 1]
  /forceset/reserve_jointset_hip_r_hip_flexion_r. bounds: [-inf, inf]
  /forceset/reserve_jointset_hip_r_hip_adduction_r. bounds: [-inf, inf]
  /forceset/reserve_jointset_hip_r_hip_rotation_r. bounds: [-inf, inf]
  /forceset/reserve_jointset_walker_knee_r_knee_angle_r. bounds: [-inf, inf]
  /forceset/reserve_jointset_ankle_r_ankle_angle_r. bounds: [-inf, inf]
  /forceset/reserve_jointset_hip_l_hip_flexion_l. bounds: [-inf, inf]
  /forceset/reserve_jointset_hip_l_hip_adduction_l. bounds: [-inf, inf]
  /forceset/reserve_jointset_walker_knee_l_knee_angle_l. bounds: [-inf, inf]
  /forceset/reserve_jointset_hip_l_hip_rotation_l. bounds: [-inf, inf]
  /forceset/reserve_jointset_ankle_l_ankle_angle_l. bounds: [-inf, inf]
  /forceset/reserve_jointset_back_lumbar_extension. bounds: [-inf, inf]
  /forceset/reserve_jointset_back_lumbar_bending. bounds: [-inf, inf]
  /forceset/reserve_jointset_back_lumbar_rotation. bounds: [-inf, inf]
Parameters: none
Number of threads: 8

List of user-set options:

                                    Name   Value                used
                acceptable_compl_inf_tol = 0.01                  yes
              acceptable_constr_viol_tol = 0.01                  yes
                 acceptable_dual_inf_tol = 0.01                  yes
                          acceptable_tol = 0.01                  yes
                           compl_inf_tol = 0.01                  yes
                         constr_viol_tol = 0.01                  yes
                            dual_inf_tol = 0.01                  yes
                   hessian_approximation = limited-memory        yes
                      print_user_options = yes                   yes
                                     tol = 0.01                  yes
This is Ipopt version 3.12.8, running with linear solver mumps.
NOTE: Other linear solvers might be more efficient (see Ipopt documentation).

Number of nonzeros in equality constraint Jacobian...:   622362
Number of nonzeros in inequality constraint Jacobian.:        0
Number of nonzeros in Lagrangian Hessian.............:        0

Total number of variables............................:     9791
                     variables with only lower bounds:        0
                variables with lower and upper bounds:     7802
                     variables with only upper bounds:        0
Total number of equality constraints.................:     8290
Total number of inequality constraints...............:        0
        inequality constraints with only lower bounds:        0
   inequality constraints with lower and upper bounds:        0
        inequality constraints with only upper bounds:        0

iter    objective    inf_pr   inf_du lg(mu)  ||d||  lg(rg) alpha_du alpha_pr  ls
   0  5.3696143e+09 1.07e+05 1.99e+01   0.0 0.00e+00    -  0.00e+00 0.00e+00   0
   1  2.2193199e+09 4.34e+05 2.58e+02   1.5 9.58e+00    -  9.90e-01 2.15e-01f  1
   2  3.9016766e+04 1.53e+05 1.86e+03   2.1 6.09e+01    -  4.57e-01 3.83e-01f  1
   3  2.6674162e+04 7.72e+04 8.96e+02   1.7 2.36e+01    -  9.18e-01 5.00e-01f  2
   4  5.5592925e+05 4.08e+04 1.41e+07   1.0 1.20e+01    -  9.36e-01 5.00e-01h  2
   5  2.1769186e+04 5.83e+03 4.29e+06   1.0 5.64e+00    -  1.00e+00 1.00e+00f  1
   6  2.6014678e+04 3.00e+03 2.16e+06   1.2 2.45e+00    -  1.00e+00 4.89e-01h  2
   7  2.3994052e+04 1.53e+03 1.14e+06   1.2 2.85e+00    -  1.00e+00 5.00e-01f  2
   8  1.6146382e+04 1.95e+03 1.34e+05   1.2 1.71e+00    -  1.00e+00 1.00e+00f  1
   9  3.0362707e+04 3.24e+03 9.35e+05   0.8 2.39e+00    -  1.00e+00 5.00e-01h  2
iter    objective    inf_pr   inf_du lg(mu)  ||d||  lg(rg) alpha_du alpha_pr  ls
  10  1.5403083e+04 2.09e+03 2.99e+05   0.6 1.34e+00    -  1.00e+00 1.00e+00f  1
  11  1.4847288e+04 5.04e+02 2.58e+04   0.1 7.40e-01    -  1.00e+00 1.00e+00f  1
  12  1.4106795e+04 1.66e+02 3.13e+03   0.6 6.03e-01    -  1.00e+00 1.00e+00f  1
  13  1.2402757e+04 4.59e+03 2.65e+03   1.2 8.04e+00    -  1.00e+00 6.19e-01f  1
  14  1.1774585e+04 8.15e+02 4.69e+02   0.7 3.62e+00    -  9.98e-01 1.00e+00f  1
  15  1.1399151e+04 6.84e+02 5.59e+02   0.1 1.45e+00    -  9.95e-01 1.00e+00f  1
  16  1.1208797e+04 1.57e+02 2.96e+02  -0.7 1.05e+00    -  9.99e-01 1.00e+00f  1
  17  1.1190123e+04 2.41e+02 1.25e+02  -0.4 6.77e-01    -  1.00e+00 1.00e+00f  1
  18  1.1153915e+04 1.68e+02 6.89e+01  -0.9 9.49e-01    -  1.00e+00 4.85e-01f  2
  19  1.1151627e+04 1.63e+02 6.74e+01  -1.3 5.87e-01    -  1.00e+00 2.63e-02f  6
iter    objective    inf_pr   inf_du lg(mu)  ||d||  lg(rg) alpha_du alpha_pr  ls
  20  1.1150307e+04 1.61e+02 1.03e+02  -1.3 1.05e+00    -  1.00e+00 1.28e-02f  7
  21  1.1173383e+04 4.82e+02 2.82e+04  -2.2 5.81e-01    -  1.00e+00 7.48e-01h  1
  22  1.1132831e+04 3.92e+02 2.50e+02  -3.2 8.79e-01    -  1.00e+00 6.76e-01f  1
  23  1.1127914e+04 2.78e+02 4.73e+02  -4.0 5.44e-01    -  1.00e+00 2.87e-01f  1
  24  1.1121938e+04 2.26e+02 2.72e+02  -3.1 9.01e-01    -  1.00e+00 8.85e-02f  1
  25  1.1118818e+04 1.89e+02 4.26e+02  -3.4 3.30e-01    -  1.00e+00 1.16e-01f  4
  26  1.1113239e+04 9.83e+01 8.29e+01  -3.7 2.72e-01    -  1.00e+00 6.10e-01f  1
  27  1.1112666e+04 8.49e+01 7.86e+02  -4.5 3.85e-01    -  1.00e+00 6.39e-01f  1
  28  1.1111545e+04 9.19e+01 2.75e+02  -5.3 6.64e-01    -  1.00e+00 2.03e-01f  1
  29  1.1110736e+04 5.38e+00 1.60e+02  -3.3 2.14e-01    -  1.00e+00 1.00e+00f  1
iter    objective    inf_pr   inf_du lg(mu)  ||d||  lg(rg) alpha_du alpha_pr  ls
  30  1.1110655e+04 3.89e+00 2.66e+01  -4.0 1.85e-01    -  1.00e+00 4.41e-01f  1
  31  1.1110325e+04 2.47e+01 3.23e+01  -4.7 1.74e-01    -  1.00e+00 6.46e-01f  1
  32  1.1110132e+04 9.68e+00 2.92e+01  -2.8 2.18e-01    -  1.00e+00 5.00e-01f  2
  33  1.1110195e+04 3.41e+01 2.51e+02  -1.9 6.80e-01    -  8.15e-01 6.25e-02f  5
  34  1.1110178e+04 2.52e+01 3.04e+02  -2.1 1.53e-01    -  3.33e-01 5.00e-01f  2
  35  1.1110159e+04 2.34e+01 2.91e+02  -3.7 6.40e-02    -  1.00e+00 7.23e-02h  1
  36  1.1110109e+04 1.99e+00 1.12e+02  -3.3 1.82e-01    -  1.00e+00 9.74e-01F  1
  37  1.1110324e+04 3.05e+01 5.69e+01  -2.1 4.51e-01    -  1.00e+00 1.00e+00f  1
  38  1.1109810e+04 1.13e+00 1.28e+01  -2.2 2.51e-01    -  1.00e+00 1.00e+00f  1
  39  1.1109691e+04 2.02e+00 1.39e+01  -2.9 1.18e-01    -  1.00e+00 1.00e+00f  1
iter    objective    inf_pr   inf_du lg(mu)  ||d||  lg(rg) alpha_du alpha_pr  ls
  40  1.1109780e+04 1.32e+01 3.90e+01  -2.3 1.30e-01    -  1.00e+00 1.00e+00f  1
  41  1.1110745e+04 6.19e+01 7.77e+02  -2.4 9.77e-02    -  1.00e+00 1.00e+00h  1
  42  1.1109631e+04 4.13e+01 3.92e+01  -2.4 1.45e-01    -  1.00e+00 1.00e+00f  1
  43  1.1109571e+04 1.19e+01 1.33e+01  -3.6 1.66e-01    -  1.00e+00 7.90e-01h  1
  44  1.1109570e+04 3.40e+01 2.24e+01  -4.6 1.03e+00    -  1.00e+00 2.25e-01h  3
  45  1.1109551e+04 4.01e+01 2.93e+01  -5.3 1.47e+00    -  1.00e+00 2.35e-01f  1
  46  1.1109321e+04 3.79e+01 1.66e+01  -3.2 2.62e-01    -  5.74e-01 5.00e-01f  2
  47  1.1109761e+04 9.78e+01 1.03e+02  -1.8 2.14e+00    -  7.23e-01 1.96e-01f  2
  48  1.1109382e+04 6.76e+00 6.34e+00  -2.1 2.72e-01    -  1.00e+00 1.00e+00f  1
  49  1.1109243e+04 6.26e+01 4.28e+01  -2.1 2.30e-01    -  1.00e+00 9.97e-01H  1
iter    objective    inf_pr   inf_du lg(mu)  ||d||  lg(rg) alpha_du alpha_pr  ls
  50  1.1109057e+04 6.83e+00 3.43e+01  -3.2 2.14e-01    -  1.00e+00 8.34e-01f  1
  51  1.1108918e+04 2.20e+01 3.06e+01  -3.6 1.16e+00    -  1.00e+00 4.64e-01f  2
  52  1.1109342e+04 3.15e+01 2.71e+01  -2.0 3.22e+00    -  1.00e+00 2.23e-01f  2
  53  1.1109344e+04 1.24e+02 4.11e+01  -2.1 7.08e-01    -  1.00e+00 5.00e-01f  2
  54  1.1108978e+04 1.10e+02 3.45e+01  -2.1 8.08e-01    -  5.98e-01 5.00e-01f  2
  55  1.1109052e+04 7.42e+01 1.50e+01  -2.1 5.28e-01    -  1.00e+00 3.85e-01f  2
  56  1.1108921e+04 1.02e+00 1.14e+01  -2.1 6.27e-02    -  1.00e+00 1.00e+00h  1
  57  1.1108766e+04 1.31e+01 1.80e+02  -2.9 2.72e-01    -  1.00e+00 7.10e-01f  1
  58  1.1108556e+04 1.79e+01 3.70e+01  -3.7 1.09e+00    -  1.00e+00 3.70e-01f  1
  59  1.1108855e+04 2.44e+01 3.96e+01  -2.1 1.45e+00    -  6.56e-01 5.00e-01f  2
iter    objective    inf_pr   inf_du lg(mu)  ||d||  lg(rg) alpha_du alpha_pr  ls
  60  1.1108846e+04 3.27e+01 7.29e+01  -2.4 7.82e-01    -  4.41e-01 2.50e-01f  3
  61  1.1108694e+04 3.59e+01 4.77e+01  -2.4 8.39e-01    -  5.12e-01 2.19e-01f  3
  62  1.1108466e+04 8.12e+00 2.54e+01  -2.4 2.82e-01    -  1.00e+00 1.00e+00f  1
  63  1.1108197e+04 3.14e+00 2.68e+01  -3.1 1.94e-01    -  1.00e+00 5.61e-01f  1
  64  1.1108142e+04 4.08e+00 3.19e+01  -3.7 1.49e+00    -  1.00e+00 5.32e-02f  3
  65  1.1108067e+04 9.64e+00 2.98e+01  -4.5 1.53e-01    -  1.00e+00 4.58e-01f  2
  66  1.1108244e+04 5.63e+00 3.57e+01  -2.3 6.99e-01    -  7.67e-01 2.50e-01f  3
  67  1.1108247e+04 1.45e+01 3.89e+01  -2.5 2.64e-01    -  1.00e+00 5.00e-01f  2
  68  1.1108223e+04 1.77e+01 1.47e+01  -2.5 3.96e-01    -  8.49e-01 9.98e-02f  4
  69  1.1108164e+04 4.17e-01 7.35e+00  -2.5 1.18e-01    -  1.00e+00 1.00e+00f  1
iter    objective    inf_pr   inf_du lg(mu)  ||d||  lg(rg) alpha_du alpha_pr  ls
  70  1.1108139e+04 2.79e-01 2.08e+00  -2.5 6.55e-02    -  1.00e+00 1.00e+00h  1
  71  1.1107959e+04 1.15e+01 1.74e+02  -3.3 2.26e-01    -  1.00e+00 6.64e-01f  1
  72  1.1107549e+04 1.42e+01 2.68e+01  -4.4 4.01e-01    -  1.00e+00 5.33e-01f  1
  73  1.1107703e+04 1.14e+01 7.13e+00  -2.6 7.70e-01    -  1.90e-01 2.50e-01f  3
  74  1.1107402e+04 1.99e+00 2.20e+01  -3.3 1.19e-01    -  6.78e-01 1.00e+00f  1
  75  1.1107396e+04 2.71e+00 1.50e+01  -3.1 5.92e-01    -  5.75e-01 1.59e-02f  5
  76  1.1107383e+04 2.40e+00 1.36e+01  -4.6 4.59e-02    -  1.00e+00 1.19e-01h  1
  77  1.1107257e+04 6.43e-01 1.22e+01  -4.1 1.21e-01    -  7.48e-01 6.02e-01f  1
  78  1.1107173e+04 7.09e-01 1.48e+01  -4.2 3.68e-01    -  6.02e-01 2.39e-01f  1
  79  1.1107164e+04 5.56e-01 1.14e+01  -4.2 1.58e+00    -  4.79e-01 8.71e-03f  5
iter    objective    inf_pr   inf_du lg(mu)  ||d||  lg(rg) alpha_du alpha_pr  ls
  80  1.1107154e+04 3.88e-01 6.91e+00  -5.5 3.65e-02    -  1.00e+00 3.10e-01h  1
  81  1.1107130e+04 3.05e-01 4.46e+00  -5.4 3.44e-01    -  1.00e+00 1.47e-01f  1
  82  1.1107110e+04 1.18e+00 3.03e+00  -6.3 3.20e-01    -  9.74e-01 1.11e-01h  1
  83  1.1107049e+04 7.37e-01 2.53e+00  -5.7 2.11e-01    -  5.68e-01 3.52e-01f  1
  84  1.1107029e+04 5.79e-01 5.31e+00  -4.6 3.15e-01    -  8.48e-02 1.26e-01f  1
  85  1.1107022e+04 5.20e-01 5.12e+00  -5.8 1.64e-01    -  1.00e+00 8.65e-02h  1
  86  1.1107009e+04 6.10e-01 3.22e+00  -4.8 4.13e-01    -  9.60e-01 1.17e-01h  1
  87  1.1107005e+04 1.02e+00 1.50e+01  -4.6 5.51e-01    -  2.93e-01 2.97e-02h  3
  88  1.1107004e+04 1.38e+00 1.16e+01  -4.1 1.98e-01    -  2.34e-01 2.51e-01h  1
  89  1.1107022e+04 6.26e+00 8.69e+00  -4.5 1.85e-01    -  5.24e-01 2.46e-01H  1
iter    objective    inf_pr   inf_du lg(mu)  ||d||  lg(rg) alpha_du alpha_pr  ls
  90  1.1107003e+04 5.64e+00 6.96e+00  -4.6 8.58e-02    -  4.65e-01 1.67e-01h  1
  91  1.1107006e+04 1.28e+01 1.82e+01  -4.3 8.44e-02    -  7.19e-01 9.81e-01f  1
  92  1.1106974e+04 7.10e+00 4.34e+00  -4.4 3.38e-02    -  1.00e+00 1.00e+00h  1
  93  1.1106970e+04 4.39e+00 3.06e+00  -5.7 1.66e-02    -  1.00e+00 3.87e-01h  1
  94  1.1106960e+04 3.78e+00 2.90e+00  -6.8 1.39e-01    -  1.00e+00 1.86e-01h  1
  95  1.1106959e+04 3.44e+00 1.50e+01  -4.6 1.29e-01    -  9.74e-01 1.26e-01h  2
  96  1.1106952e+04 3.20e+00 8.77e+00  -5.0 2.18e-01    -  6.02e-01 1.18e-01h  1
  97  1.1106944e+04 2.69e+00 7.04e+00  -4.9 1.83e-01    -  9.22e-01 1.65e-01h  1
  98  1.1106939e+04 1.60e+00 9.06e+00  -4.9 2.37e-01    -  5.83e-01 4.11e-01h  1
  99  1.1106935e+04 1.59e+00 6.89e+00  -5.7 2.91e-01    -  1.00e+00 3.44e-02h  1
iter    objective    inf_pr   inf_du lg(mu)  ||d||  lg(rg) alpha_du alpha_pr  ls
 100  1.1106915e+04 1.74e+00 8.41e+00  -5.3 1.57e-01    -  8.74e-01 3.55e-01h  1
 101  1.1106911e+04 1.47e+00 1.12e+01  -4.1 2.37e-01    -  1.71e-01 1.87e-01f  1
 102  1.1106905e+04 1.36e+00 2.52e+00  -5.9 1.31e-01    -  4.95e-01 8.84e-02h  1
 103  1.1106901e+04 1.03e+00 3.60e+00 -11.0 3.61e-02    -  7.93e-01 2.45e-01h  1
 104  1.1106901e+04 1.03e+00 3.51e+00 -11.0 1.55e-01    -  5.31e-01 2.46e-03h  1
 105  1.1106899e+04 7.78e-01 1.91e+00  -4.7 7.36e-02    -  9.89e-01 2.35e-01h  1
 106  1.1106896e+04 1.12e+00 6.35e+00  -5.6 3.77e-01    -  9.07e-01 1.57e-01h  1
 107  1.1106894e+04 1.89e+00 1.49e+00  -4.6 2.68e-01    -  4.94e-01 1.34e-01h  1
 108  1.1106890e+04 1.59e+00 2.08e+00  -4.5 1.17e-01    -  4.87e-01 1.66e-01h  1
 109  1.1106886e+04 3.92e-01 8.70e+00  -4.8 1.05e-01    -  6.01e-01 5.30e-01h  1
iter    objective    inf_pr   inf_du lg(mu)  ||d||  lg(rg) alpha_du alpha_pr  ls
 110  1.1106961e+04 5.70e+00 7.83e+01  -3.6 1.10e-01    -  1.60e-01 2.50e-01f  3
 111  1.1106906e+04 4.25e+00 2.66e+01  -4.4 3.50e-02    -  1.00e+00 5.01e-01h  1
 112  1.1106898e+04 2.57e+00 1.91e+01  -4.4 1.87e-02    -  1.00e+00 4.10e-01f  1
 113  1.1106893e+04 4.45e-01 1.79e+00  -4.4 1.66e-02    -  1.00e+00 1.00e+00f  1
 114  1.1106891e+04 1.10e+00 6.54e+00 -10.4 4.36e-02    -  6.61e-01 1.03e-01h  3
 115  1.1106885e+04 8.15e-01 3.57e+00  -5.8 1.48e-02    -  1.00e+00 3.06e-01h  1
 116  1.1106871e+04 5.01e-01 1.54e+00  -5.7 1.53e-02    -  1.00e+00 9.27e-01h  1
 117  1.1106869e+04 2.71e-01 4.00e+00  -7.2 2.39e-02    -  1.00e+00 4.45e-01h  1
 118  1.1106871e+04 1.99e-01 2.47e+00  -5.1 5.06e-02    -  1.66e-01 4.20e-01f  1
 119  1.1106870e+04 1.90e-01 2.28e+00  -5.9 1.02e-01    -  4.98e-01 4.40e-02h  1
iter    objective    inf_pr   inf_du lg(mu)  ||d||  lg(rg) alpha_du alpha_pr  ls
 120  1.1106870e+04 2.09e-01 3.52e+00  -5.9 5.09e-01    -  5.24e-02 8.47e-03f  3
 121  1.1106868e+04 1.89e-01 2.94e+00  -5.9 8.03e-02    -  9.84e-01 1.01e-01h  1
 122  1.1106865e+04 2.50e-01 2.99e+00  -6.9 3.61e-01    -  6.89e-01 8.65e-02h  1
 123  1.1106864e+04 3.49e-01 6.27e+00  -5.4 1.80e-01    -  6.07e-01 1.16e-01h  1
 124  1.1106860e+04 3.57e-01 6.61e+00  -5.3 4.55e-01    -  5.03e-01 6.69e-02h  1
 125  1.1106855e+04 4.46e-01 3.26e+00  -5.5 9.94e-01    -  1.24e-01 5.36e-02f  1
 126  1.1106853e+04 4.13e-01 3.56e+00  -5.5 5.06e-01    -  3.12e-01 4.64e-02h  1
 127  1.1106853e+04 4.32e-01 2.81e+00  -4.9 2.50e-01    -  2.59e-01 4.75e-02h  3
 128  1.1106849e+04 3.14e-01 1.01e+00  -5.3 1.45e-01    -  3.74e-01 2.96e-01h  1
 129  1.1106845e+04 2.94e-01 8.77e-01  -7.1 7.43e-01    -  5.32e-01 6.02e-02h  1
iter    objective    inf_pr   inf_du lg(mu)  ||d||  lg(rg) alpha_du alpha_pr  ls
 130  1.1106841e+04 4.46e-01 2.91e+00  -7.0 8.53e-01    -  3.40e-01 1.10e-01h  1
 131  1.1106841e+04 7.14e-01 7.38e-01  -5.7 7.44e-01    -  7.27e-01 4.63e-02h  2
 132  1.1106840e+04 7.14e-01 7.82e-01  -6.7 2.93e-01    -  4.20e-01 3.19e-02h  1
 133  1.1106834e+04 5.85e-01 1.29e+01  -5.3 4.22e-01    -  1.27e-01 2.45e-01h  1
 134  1.1106839e+04 1.72e+00 1.32e+01  -4.4 8.83e-01    -  1.21e-01 4.96e-02f  1
 135  1.1106836e+04 7.17e-01 1.27e+00  -5.3 5.72e-02    -  7.38e-01 7.81e-01h  1
 136  1.1106830e+04 5.52e-01 8.28e-01  -5.3 5.43e-02    -  1.84e-01 2.24e-01f  1
 137  1.1106829e+04 5.17e-01 1.20e+00  -5.6 5.85e-02    -  4.57e-01 6.42e-02h  1
 138  1.1106828e+04 5.08e-01 1.69e+00 -11.0 1.33e-01    -  2.80e-01 1.84e-02h  1
 139  1.1106825e+04 2.93e-01 3.61e+00  -6.0 3.98e-02    -  8.55e-01 4.44e-01h  1
iter    objective    inf_pr   inf_du lg(mu)  ||d||  lg(rg) alpha_du alpha_pr  ls
 140  1.1106823e+04 2.64e-01 9.53e-01  -4.8 1.46e-01    -  4.67e-01 9.85e-02h  1
 141  1.1106823e+04 2.90e-01 5.17e+00  -5.2 1.05e-01    -  8.16e-01 3.56e-02h  4
 142  1.1106821e+04 1.64e-01 2.56e+00  -5.8 4.37e-02    -  8.78e-01 6.32e-01h  1
 143  1.1106819e+04 1.33e-01 4.67e+00  -6.3 1.03e-01    -  1.00e+00 2.05e-01h  1
 144  1.1106819e+04 2.74e-01 7.16e+00  -5.0 3.58e-01    -  4.91e-01 5.05e-02h  2
 145  1.1106818e+04 2.89e-01 6.35e+00  -7.1 2.33e-01    -  1.43e-01 3.31e-02h  3
 146  1.1106817e+04 1.93e-01 4.32e+00  -5.6 7.60e-02    -  7.45e-01 3.09e-01h  1
 147  1.1106815e+04 2.98e-01 3.33e+00  -5.2 3.28e-01    -  4.54e-01 1.05e-01h  1
 148  1.1106814e+04 3.36e-01 5.79e+00  -6.3 5.71e-01    -  2.16e-01 3.39e-02h  2
 149  1.1106818e+04 4.66e-01 7.12e+00  -4.7 4.92e-01    -  2.88e-01 1.80e-01f  1
iter    objective    inf_pr   inf_du lg(mu)  ||d||  lg(rg) alpha_du alpha_pr  ls
 150  1.1106817e+04 4.49e-01 4.14e+00  -5.1 3.79e-01    -  3.04e-01 3.06e-02h  2
 151  1.1106812e+04 3.42e-01 4.91e+00  -5.1 9.77e-02    -  1.00e+00 2.33e-01h  1
 152  1.1106809e+04 4.74e-01 3.96e+00 -11.0 3.20e-01    -  3.93e-01 5.14e-02h  3
 153  1.1106805e+04 5.54e-01 5.36e-01  -5.8 5.59e-02    -  1.00e+00 5.90e-01h  1
 154  1.1106824e+04 1.29e+00 9.78e+00  -4.1 2.90e-01    -  2.42e-01 1.35e-01f  2
 155  1.1106817e+04 1.03e+00 9.94e+00  -4.8 3.63e-02    -  1.00e+00 2.48e-01h  1
 156  1.1106815e+04 1.04e+00 1.30e+01  -4.8 1.24e-01    -  1.00e+00 1.84e-01f  1
 157  1.1106812e+04 5.39e-01 9.49e+00  -4.8 3.50e-02    -  1.00e+00 1.00e+00f  1
 158  1.1106850e+04 5.18e-01 7.83e+00  -4.8 4.22e-02    -  6.01e-01 1.00e+00H  1
 159  1.1106838e+04 5.72e-01 6.96e+00  -6.0 3.76e-02    -  1.00e+00 1.47e-01f  1
iter    objective    inf_pr   inf_du lg(mu)  ||d||  lg(rg) alpha_du alpha_pr  ls
 160  1.1106822e+04 4.65e-01 7.60e+00  -7.2 9.26e-02    -  1.00e+00 2.51e-01f  1
 161  1.1106815e+04 7.91e-01 5.99e+00  -6.5 9.13e-02    -  4.32e-01 3.80e-02h  1
 162  1.1106802e+04 2.76e+00 2.73e+00  -6.5 2.04e-02    -  1.00e+00 7.03e-01h  1
 163  1.1106802e+04 2.55e+00 4.18e+00  -5.2 7.24e-02    -  7.87e-01 9.69e-02f  3
 164  1.1106801e+04 2.06e+00 2.85e+00  -6.4 4.48e-03    -  1.00e+00 1.93e-01h  1
 165  1.1106801e+04 1.76e+00 3.02e+00 -11.0 2.02e-02    -  9.17e-01 1.46e-01h  1
 166  1.1106799e+04 6.80e-01 2.12e+00  -5.6 2.36e-02    -  1.00e+00 6.17e-01h  1

Number of Iterations....: 166

                                   (scaled)                 (unscaled)
Objective...............:   1.1106799322228897e+04    1.1106799322228897e+04
Dual infeasibility......:   2.1247885138180522e+00    2.1247885138180522e+00
Constraint violation....:   2.3078065308511056e-05    6.7959036618844948e-01
Complementarity.........:   4.3201299190253229e-04    4.3201299190253229e-04
Overall NLP error.......:   2.1247885138180522e+00    2.1247885138180522e+00


Number of objective function evaluations             = 368
Number of objective gradient evaluations             = 167
Number of equality constraint evaluations            = 368
Number of inequality constraint evaluations          = 0
Number of equality constraint Jacobian evaluations   = 167
Number of inequality constraint Jacobian evaluations = 0
Number of Lagrangian Hessian evaluations             = 0
Total CPU secs in IPOPT (w/o function evaluations)   =    129.598
Total CPU secs in NLP function evaluations           =    996.130

EXIT: Stopping optimization at current point as requested by user.
               t_proc [s]   t_wall [s]    n_eval
callback_fun         1.35         1.35       166
         nlp     1.13e+03     1.13e+03         1
       nlp_f         32.2         32.2       368
       nlp_g         30.5         30.5       368
  nlp_grad_f          405          405       168
   nlp_jac_g          532          532       168

Breakdown of objective (including weights):
  state_tracking: 525.34
  control_effort: 0.0303733
  contact: 10581.4

Active or violated continuous variable bounds
L and U indicate which bound is active; '*' indicates a bound is violated. 
The case of lower==upper==value is ignored.

State bounds: some bounds active but no bounds violated
                  time       lower        value        upper 
/jointset/ankle_r/ankle_angle_r/value  1.46655         -4.00e-01 <= -4.00e-01 <=  4.00e-01 L 
/jointset/ankle_l/ankle_angle_l/value  1.70403         -4.00e-01 <=  4.00e-01 <=  4.00e-01  U
/jointset/ankle_l/ankle_angle_l/value  1.82771         -4.00e-01 <= -4.00e-01 <=  4.00e-01 L 

Control bounds: no bounds active or violated

Multiplier bounds: no bounds active or violated

Derivative bounds: no bounds active or violated

Active or violated parameter bounds
L and U indicate which bound is active; '*' indicates a bound is violated. 
The case of lower==upper==value is ignored.

Time bounds: no bounds active or violated

Parameter bounds: no bounds active or violated

Total number of constraints: 8290.

Differential equation defects:
  L2 norm across mesh, max abs value (L1 norm), time of max abs
/jointset/ground_pelvis/pelvis_tilt/value        5.98e-17       2.14e-17       1.352763
/jointset/ground_pelvis/pelvis_list/value        8.59e-17       2.83e-17       1.372553
/jointset/ground_pelvis/pelvis_rotation/value        8.03e-17       1.95e-17       1.417079
/jointset/ground_pelvis/pelvis_tx/value        1.70e-15       6.17e-16       1.431921
/jointset/ground_pelvis/pelvis_ty/value        1.02e-15       2.92e-16       1.392342
/jointset/ground_pelvis/pelvis_tz/value        2.72e-16       7.19e-17       1.402237
/jointset/hip_r/hip_flexion_r/value        4.60e-16       1.25e-16       1.441816
/jointset/hip_r/hip_adduction_r/value        1.29e-16       4.19e-17       1.436868
/jointset/hip_r/hip_rotation_r/value        1.97e-16       7.64e-17       1.525921
/jointset/hip_l/hip_flexion_l/value        7.58e-16       1.76e-16       1.417079
/jointset/hip_l/hip_adduction_l/value        1.23e-16       3.36e-17       1.352763
/jointset/hip_l/hip_rotation_l/value        9.32e-17       3.78e-17       1.387395
/jointset/back/lumbar_extension/value        2.27e-16       8.08e-17       1.342868
/jointset/back/lumbar_bending/value        1.01e-16       2.73e-17       1.328026
/jointset/back/lumbar_rotation/value        2.37e-16       9.89e-17       1.535816
/jointset/walker_knee_r/knee_angle_r/value        9.03e-16       5.36e-16       1.431921
/jointset/patellofemoral_r/knee_angle_r_beta/value        9.03e-16       5.36e-16       1.431921
/jointset/walker_knee_l/knee_angle_l/value        9.44e-16       4.19e-16       1.243921
/jointset/patellofemoral_l/knee_angle_l_beta/value        9.44e-16       4.19e-16       1.243921
/jointset/ankle_r/ankle_angle_r/value        2.07e-09       4.88e-17       1.550658
/jointset/ankle_l/ankle_angle_l/value        3.41e-09       3.38e-09       1.506132
/jointset/ground_pelvis/pelvis_tilt/speed        2.64e-05       7.44e-07       1.189500
/jointset/ground_pelvis/pelvis_list/speed        2.26e-05       3.05e-06       1.550658
/jointset/ground_pelvis/pelvis_rotation/speed        3.77e-05       1.48e-05       1.555605
/jointset/ground_pelvis/pelvis_tx/speed        2.48e-06       5.91e-08       1.426974
/jointset/ground_pelvis/pelvis_ty/speed        1.67e-06       2.26e-07       1.189500
/jointset/ground_pelvis/pelvis_tz/speed        4.23e-06       3.86e-06       1.560553
/jointset/hip_r/hip_flexion_r/speed        7.95e-05       7.92e-05       1.560553
/jointset/hip_r/hip_adduction_r/speed        1.85e-05       1.76e-05       1.560553
/jointset/hip_r/hip_rotation_r/speed        3.22e-05       6.06e-06       1.550658
/jointset/hip_l/hip_flexion_l/speed        9.22e-05       8.43e-05       1.560553
/jointset/hip_l/hip_adduction_l/speed        3.50e-05       4.77e-06       1.328026
/jointset/hip_l/hip_rotation_l/speed        1.06e-04       8.36e-05       1.560553
/jointset/back/lumbar_extension/speed        2.69e-05       2.64e-05       1.560553
/jointset/back/lumbar_bending/speed        2.68e-05       2.61e-05       1.560553
/jointset/back/lumbar_rotation/speed        3.38e-05       2.45e-05       1.560553
/jointset/walker_knee_r/knee_angle_r/speed        1.56e-04       1.56e-04       1.560553
/jointset/patellofemoral_r/knee_angle_r_beta/speed        2.50e-04       2.50e-04       1.560553
/jointset/walker_knee_l/knee_angle_l/speed        7.07e-05       5.65e-05       1.560553
/jointset/patellofemoral_l/knee_angle_l_beta/speed        6.88e-04       6.27e-04       1.560553
/jointset/ankle_r/ankle_angle_r/speed        4.62e-04       1.78e-06       1.332974
/jointset/ankle_l/ankle_angle_l/speed        4.34e-03       2.04e-06       1.189500

Kinematic constraints:
  L2 norm across mesh, max abs value (L1 norm), time of max abs
00:  cid21_p0        0.00e+00       0.00e+00       1.189500
01:  cid22_p0        0.00e+00       0.00e+00       1.189500
02: cid21_p0d        0.00e+00       0.00e+00       1.189500
03: cid22_p0d        0.00e+00       0.00e+00       1.189500
04:cid21_p0dd        8.02e-02       1.94e-03       1.328026
05:cid22_p0dd        7.15e-01       2.18e-03       1.194447
Kinematic constraint values at each mesh point:
      time          0          1          2          3          4          5  
000   1.189500   0.00e+00   0.00e+00   0.00e+00   0.00e+00  -3.66e-03  -3.79e-03  
001   1.19e+00   0.00e+00   0.00e+00   0.00e+00   0.00e+00   6.70e-04   2.18e-03  
002   1.20e+00   0.00e+00   0.00e+00   0.00e+00   0.00e+00   6.63e-04  -1.95e-04  
003   1.20e+00   0.00e+00   0.00e+00   0.00e+00   0.00e+00  -1.61e-04  -5.98e-06  
004   1.21e+00   0.00e+00   0.00e+00   0.00e+00   0.00e+00  -1.46e-05   5.22e-04  
005   1.21e+00   0.00e+00   0.00e+00   0.00e+00   0.00e+00  -5.09e-04  -4.59e-04  
006   1.22e+00   0.00e+00   0.00e+00   0.00e+00   0.00e+00  -1.74e-06   2.74e-04  
007   1.22e+00   0.00e+00   0.00e+00   0.00e+00   0.00e+00  -4.06e-04  -5.34e-04  
008   1.23e+00   0.00e+00   0.00e+00   0.00e+00   0.00e+00  -6.37e-04  -1.59e-05  
009   1.23e+00   0.00e+00   0.00e+00   0.00e+00   0.00e+00  -7.43e-04  -5.30e-04  
010   1.24e+00   0.00e+00   0.00e+00   0.00e+00   0.00e+00  -6.60e-04  -5.93e-04  
011   1.24e+00   0.00e+00   0.00e+00   0.00e+00   0.00e+00  -5.45e-04  -1.09e-03  
012   1.25e+00   0.00e+00   0.00e+00   0.00e+00   0.00e+00  -6.34e-04  -1.74e-03  
013   1.25e+00   0.00e+00   0.00e+00   0.00e+00   0.00e+00  -1.31e-04  -1.69e-03  
014   1.26e+00   0.00e+00   0.00e+00   0.00e+00   0.00e+00  -2.37e-04  -2.07e-03  
015   1.26e+00   0.00e+00   0.00e+00   0.00e+00   0.00e+00  -4.32e-04  -2.08e-03  
016   1.27e+00   0.00e+00   0.00e+00   0.00e+00   0.00e+00  -3.42e-04  -1.81e-03  
017   1.27e+00   0.00e+00   0.00e+00   0.00e+00   0.00e+00  -2.01e-04  -1.66e-03  
018   1.28e+00   0.00e+00   0.00e+00   0.00e+00   0.00e+00  -2.48e-04  -1.48e-03  
019   1.28e+00   0.00e+00   0.00e+00   0.00e+00   0.00e+00   1.21e-05  -1.45e-03  
020   1.29e+00   0.00e+00   0.00e+00   0.00e+00   0.00e+00   8.31e-05  -1.38e-03  
021   1.29e+00   0.00e+00   0.00e+00   0.00e+00   0.00e+00   3.22e-04  -1.03e-03  
022   1.30e+00   0.00e+00   0.00e+00   0.00e+00   0.00e+00   8.64e-05  -1.11e-03  
023   1.30e+00   0.00e+00   0.00e+00   0.00e+00   0.00e+00   3.66e-04  -5.94e-04  
024   1.31e+00   0.00e+00   0.00e+00   0.00e+00   0.00e+00   3.06e-04  -8.02e-04  
025   1.31e+00   0.00e+00   0.00e+00   0.00e+00   0.00e+00   3.96e-04  -7.60e-04  
026   1.32e+00   0.00e+00   0.00e+00   0.00e+00   0.00e+00   6.67e-04  -4.74e-04  
027   1.32e+00   0.00e+00   0.00e+00   0.00e+00   0.00e+00  -6.25e-04  -1.21e-03  
028   1.33e+00   0.00e+00   0.00e+00   0.00e+00   0.00e+00   1.94e-03   1.13e-03  
029   1.33e+00   0.00e+00   0.00e+00   0.00e+00   0.00e+00  -2.35e-03  -2.86e-03  
030   1.34e+00   0.00e+00   0.00e+00   0.00e+00   0.00e+00   1.48e-03   9.59e-04  
031   1.34e+00   0.00e+00   0.00e+00   0.00e+00   0.00e+00  -9.77e-04  -1.84e-03  
032   1.35e+00   0.00e+00   0.00e+00   0.00e+00   0.00e+00   1.00e-03   7.53e-04  
033   1.35e+00   0.00e+00   0.00e+00   0.00e+00   0.00e+00  -7.36e-04  -1.26e-03  
034   1.36e+00   0.00e+00   0.00e+00   0.00e+00   0.00e+00   2.75e-04   1.36e-03  
035   1.36e+00   0.00e+00   0.00e+00   0.00e+00   0.00e+00  -6.11e-04  -1.12e-04  
036   1.37e+00   0.00e+00   0.00e+00   0.00e+00   0.00e+00  -5.34e-04   1.82e-04  
037   1.37e+00   0.00e+00   0.00e+00   0.00e+00   0.00e+00  -6.59e-05   2.05e-04  
038   1.38e+00   0.00e+00   0.00e+00   0.00e+00   0.00e+00  -6.30e-05   3.48e-04  
039   1.38e+00   0.00e+00   0.00e+00   0.00e+00   0.00e+00   2.81e-04   2.70e-05  
040   1.39e+00   0.00e+00   0.00e+00   0.00e+00   0.00e+00   1.92e-04   1.92e-04  
041   1.39e+00   0.00e+00   0.00e+00   0.00e+00   0.00e+00   4.01e-05   4.25e-05  
042   1.40e+00   0.00e+00   0.00e+00   0.00e+00   0.00e+00   1.74e-04   1.53e-04  
043   1.40e+00   0.00e+00   0.00e+00   0.00e+00   0.00e+00   7.00e-05   2.46e-04  
044   1.41e+00   0.00e+00   0.00e+00   0.00e+00   0.00e+00   2.41e-04  -1.03e-03  
045   1.41e+00   0.00e+00   0.00e+00   0.00e+00   0.00e+00   1.58e-04  -9.12e-04  
046   1.42e+00   0.00e+00   0.00e+00   0.00e+00   0.00e+00   1.47e-04  -1.11e-03  
047   1.42e+00   0.00e+00   0.00e+00   0.00e+00   0.00e+00   9.35e-05  -2.52e-04  
048   1.43e+00   0.00e+00   0.00e+00   0.00e+00   0.00e+00  -6.60e-05  -1.56e-04  
049   1.43e+00   0.00e+00   0.00e+00   0.00e+00   0.00e+00  -2.22e-04  -2.90e-04  
050   1.44e+00   0.00e+00   0.00e+00   0.00e+00   0.00e+00  -2.82e-04   2.12e-04  
051   1.44e+00   0.00e+00   0.00e+00   0.00e+00   0.00e+00  -2.00e-04   1.27e-04  
052   1.45e+00   0.00e+00   0.00e+00   0.00e+00   0.00e+00  -2.32e-04  -5.95e-04  
053   1.45e+00   0.00e+00   0.00e+00   0.00e+00   0.00e+00  -1.34e-04  -6.35e-04  
054   1.46e+00   0.00e+00   0.00e+00   0.00e+00   0.00e+00  -4.27e-05  -5.64e-04  
055   1.46e+00   0.00e+00   0.00e+00   0.00e+00   0.00e+00   1.38e-04   7.86e-04  
056   1.47e+00   0.00e+00   0.00e+00   0.00e+00   0.00e+00   1.27e-04   6.58e-04  
057   1.47e+00   0.00e+00   0.00e+00   0.00e+00   0.00e+00   3.48e-04  -2.86e-02  
058   1.48e+00   0.00e+00   0.00e+00   0.00e+00   0.00e+00   2.03e-04   1.47e-04  
059   1.48e+00   0.00e+00   0.00e+00   0.00e+00   0.00e+00   6.05e-04   1.11e-04  
060   1.49e+00   0.00e+00   0.00e+00   0.00e+00   0.00e+00   1.76e-04  -1.93e-04  
061   1.49e+00   0.00e+00   0.00e+00   0.00e+00   0.00e+00   6.99e-04  -1.20e-04  
062   1.50e+00   0.00e+00   0.00e+00   0.00e+00   0.00e+00   4.46e-04  -4.29e-04  
063   1.50e+00   0.00e+00   0.00e+00   0.00e+00   0.00e+00  -4.14e-04  -4.40e-04  
064   1.51e+00   0.00e+00   0.00e+00   0.00e+00   0.00e+00   8.19e-04  -4.67e-04  
065   1.51e+00   0.00e+00   0.00e+00   0.00e+00   0.00e+00  -1.06e-03  -1.14e-03  
066   1.52e+00   0.00e+00   0.00e+00   0.00e+00   0.00e+00   4.13e-05  -9.28e-04  
067   1.52e+00   0.00e+00   0.00e+00   0.00e+00   0.00e+00   1.70e-05  -1.12e-03  
068   1.53e+00   0.00e+00   0.00e+00   0.00e+00   0.00e+00  -1.56e-03  -1.74e-03  
069   1.53e+00   0.00e+00   0.00e+00   0.00e+00   0.00e+00   6.85e-04  -1.60e-04  
070   1.54e+00   0.00e+00   0.00e+00   0.00e+00   0.00e+00   2.97e-04   2.20e-04  
071   1.54e+00   0.00e+00   0.00e+00   0.00e+00   0.00e+00  -3.44e-04  -1.39e-03  
072   1.55e+00   0.00e+00   0.00e+00   0.00e+00   0.00e+00   1.40e-03   6.54e-04  
073   1.55e+00   0.00e+00   0.00e+00   0.00e+00   0.00e+00   4.48e-05  -1.61e-03  
074   1.56e+00   0.00e+00   0.00e+00   0.00e+00   0.00e+00  -3.47e-03  -3.04e-02  
075   1.56e+00   0.00e+00   0.00e+00   0.00e+00   0.00e+00  -3.62e-03  -2.18e-01  
076   1.57e+00   0.00e+00   0.00e+00   0.00e+00   0.00e+00  -7.98e-02  -6.80e-01  

Path constraints: none
-------------------------------------------------------------------------------
Elapsed real time: 1132 second(s) (18 minute(s), 52 second(s)).
14/02/2020 2:52:59 PM
MocoCasADiSolver did NOT succeed:
  User_Requested_Stop
===============================================================================
